#
# A fatal error has been detected by the Java Runtime Environment:
#
#  EXCEPTION_ACCESS_VIOLATION (0xc0000005) at pc=0x612004cd, pid=13548, tid=7308
#
# JRE version: Java(TM) SE Runtime Environment (8.0_31-b13) (build 1.8.0_31-b13)
# Java VM: Java HotSpot(TM) Client VM (25.31-b07 mixed mode windows-x86 )
# Problematic frame:
# V  [jvm.dll+0xc04cd]
#
# Failed to write core dump. Minidumps are not enabled by default on client versions of Windows
#
# If you would like to submit a bug report, please visit:
#   http://bugreport.java.com/bugreport/crash.jsp
#

---------------  T H R E A D  ---------------

Current thread (0x04f18800):  JavaThread "JDWP Transport Listener: dt_socket" daemon [_thread_in_vm, id=7308, stack(0x05380000,0x053d0000)]

siginfo: ExceptionCode=0xc0000005, reading address 0x726f7373

Registers:
EAX=0x726f7373, EBX=0x00000000, ECX=0x726f7373, EDX=0x00000000
ESP=0x053cf858, EBP=0x053cf85c, ESI=0x04f18800, EDI=0x024786a0
EIP=0x612004cd, EFLAGS=0x00010202

Top of Stack: (sp=0x053cf858)
0x053cf858:   04f18800 053cf884 61356d64 726f7373
0x053cf868:   053cf93c 053cf8bf 04f18800 00000000
0x053cf878:   00000000 00000000 04f18800 053cf8c0
0x053cf888:   6f749f7b 024786a0 726f7373 053cf8bf
0x053cf898:   726f7373 6f73436d 726f7373 053cf8bf
0x053cf8a8:   00000018 00000000 00000000 f000100a
0x053cf8b8:   00000000 01ebee08 053cf8e0 6f7344e0
0x053cf8c8:   00000001 053cf8fc 053cf938 07643228 

Instructions: (pc=0x612004cd)
0x612004ad:   5d c3 52 e8 bb f7 ff ff 5d c3 cc cc cc cc cc cc
0x612004bd:   cc cc cc 55 8b ec 8b 45 08 85 c0 75 02 5d c3 56
0x612004cd:   8b 30 85 f6 74 17 83 fe 37 74 12 8b 06 8b 50 08
0x612004dd:   8b ce ff d2 84 c0 74 05 8b c6 5e 5d c3 33 c0 5e 


Register to memory mapping:

EAX=0x726f7373 is an unknown value
EBX=0x00000000 is an unknown value
ECX=0x726f7373 is an unknown value
EDX=0x00000000 is an unknown value
ESP=0x053cf858 is pointing into the stack for thread: 0x04f18800
EBP=0x053cf85c is pointing into the stack for thread: 0x04f18800
ESI=0x04f18800 is a thread
EDI=0x024786a0 is an unknown value


Stack: [0x05380000,0x053d0000],  sp=0x053cf858,  free space=318k
Native frames: (J=compiled Java code, j=interpreted, Vv=VM code, C=native code)
V  [jvm.dll+0xc04cd]
V  [jvm.dll+0x216d64]
C  [jdwp.dll+0x19f7b]
C  [jdwp.dll+0x44e0]
C  [jdwp.dll+0x451e]
C  0x6e616c2f


---------------  P R O C E S S  ---------------

Java Threads: ( => current thread )
  0x07650000 JavaThread "Scheduler-12897453" [_thread_blocked, id=12572, stack(0x08eb0000,0x08f00000)]
  0x0764e000 JavaThread "DestroyJavaVM" [_thread_blocked, id=12364, stack(0x00930000,0x00980000)]
  0x07650c00 JavaThread "org.eclipse.jetty.server.session.HashSessionManager@a1769dTimer" daemon [_thread_blocked, id=5272, stack(0x08d20000,0x08d70000)]
  0x0764d400 JavaThread "qtp32145519-32" [_thread_blocked, id=13712, stack(0x08c90000,0x08ce0000)]
  0x0764f800 JavaThread "qtp32145519-31" [_thread_blocked, id=3124, stack(0x08c00000,0x08c50000)]
  0x0764f400 JavaThread "qtp32145519-30" [_thread_blocked, id=12488, stack(0x08b70000,0x08bc0000)]
  0x0763e800 JavaThread "qtp32145519-29-acceptor-0@f57707-ServerConnector@107d414{HTTP/1.1}{127.0.0.1:8081}" [_thread_in_native, id=13288, stack(0x08ae0000,0x08b30000)]
  0x0763dc00 JavaThread "qtp32145519-28-selector-ServerConnectorManager@18a6292/3" [_thread_in_native, id=4136, stack(0x08880000,0x088d0000)]
  0x0763e400 JavaThread "qtp32145519-27-selector-ServerConnectorManager@18a6292/2" [_thread_in_native, id=13372, stack(0x08a50000,0x08aa0000)]
  0x0763d400 JavaThread "qtp32145519-26-selector-ServerConnectorManager@18a6292/0" [_thread_in_native, id=12096, stack(0x089a0000,0x089f0000)]
  0x0763d000 JavaThread "qtp32145519-25-selector-ServerConnectorManager@18a6292/1" [_thread_in_native, id=7720, stack(0x08910000,0x08960000)]
  0x0645e800 JavaThread "org.eclipse.jetty.server.session.HashSessionManager@147596fTimer" daemon [_thread_blocked, id=5276, stack(0x080f0000,0x08140000)]
  0x06402800 JavaThread "qtp26709830-21" [_thread_blocked, id=10308, stack(0x07090000,0x070e0000)]
  0x06402000 JavaThread "qtp26709830-20-acceptor-0@85ce2a-ServerConnector@14c5f5e{HTTP/1.1}{0.0.0.0:8080}" [_thread_in_native, id=13248, stack(0x07000000,0x07050000)]
  0x063c7c00 JavaThread "qtp26709830-19-selector-ServerConnectorManager@1eefdec/3" [_thread_in_native, id=1008, stack(0x06f70000,0x06fc0000)]
  0x063b5400 JavaThread "qtp26709830-18-selector-ServerConnectorManager@1eefdec/2" [_thread_in_native, id=6056, stack(0x06ee0000,0x06f30000)]
  0x063c5000 JavaThread "qtp26709830-17-selector-ServerConnectorManager@1eefdec/1" [_thread_in_native, id=7276, stack(0x06e50000,0x06ea0000)]
  0x063c4800 JavaThread "qtp26709830-16" [_thread_blocked, id=724, stack(0x06dc0000,0x06e10000)]
  0x063ac800 JavaThread "qtp26709830-15" [_thread_blocked, id=13784, stack(0x06d30000,0x06d80000)]
  0x063ac400 JavaThread "qtp26709830-14-selector-ServerConnectorManager@1eefdec/0" [_thread_in_native, id=3536, stack(0x06ca0000,0x06cf0000)]
  0x04f51000 JavaThread "Service Thread" daemon [_thread_blocked, id=8572, stack(0x055f0000,0x05640000)]
  0x04f25400 JavaThread "C1 CompilerThread0" daemon [_thread_blocked, id=6020, stack(0x05560000,0x055b0000)]
  0x04f1f000 JavaThread "JDWP Command Reader" daemon [_thread_in_native, id=5316, stack(0x054d0000,0x05520000)]
  0x04f1bc00 JavaThread "JDWP Event Helper Thread" daemon [_thread_blocked, id=13972, stack(0x05410000,0x05460000)]
=>0x04f18800 JavaThread "JDWP Transport Listener: dt_socket" daemon [_thread_in_vm, id=7308, stack(0x05380000,0x053d0000)]
  0x04f09000 JavaThread "Attach Listener" daemon [_thread_blocked, id=12304, stack(0x052b0000,0x05300000)]
  0x04f08000 JavaThread "Signal Dispatcher" daemon [_thread_blocked, id=13360, stack(0x05220000,0x05270000)]
  0x04eba000 JavaThread "Finalizer" daemon [_thread_blocked, id=10012, stack(0x05190000,0x051e0000)]
  0x04eb5400 JavaThread "Reference Handler" daemon [_thread_blocked, id=11716, stack(0x05100000,0x05150000)]

Other Threads:
  0x04eb1800 VMThread [stack: 0x050b0000,0x05100000] [id=12348]
  0x04f53400 WatcherThread [stack: 0x05680000,0x056d0000] [id=4796]

VM state:not at safepoint (normal execution)

VM Mutex/Monitor currently owned by a thread: None

Heap:
 def new generation   total 12352K, used 8415K [0x10200000, 0x10f60000, 0x15750000)
  eden space 11008K,  70% used [0x10200000, 0x10992dd0, 0x10cc0000)
  from space 1344K,  49% used [0x10cc0000, 0x10d651c0, 0x10e10000)
  to   space 1344K,   0% used [0x10e10000, 0x10e10000, 0x10f60000)
 tenured generation   total 27308K, used 23137K [0x15750000, 0x171fb000, 0x20200000)
   the space 27308K,  84% used [0x15750000, 0x16de8680, 0x16de8800, 0x171fb000)
 Metaspace       used 24787K, capacity 25076K, committed 25088K, reserved 25984K

Card table byte_map: [0x023d0000,0x02460000] byte_map_base: 0x0234f000

Polling page: 0x00880000

CodeCache: size=32768Kb used=4774Kb max_used=4858Kb free=27993Kb
 bounds [0x02a50000, 0x02f18000, 0x04a50000]
 total_blobs=2705 nmethods=2511 adapters=132
 compilation: enabled

Compilation events (10 events):
Event: 222.298 Thread 0x04f25400 2751             ch.qos.logback.classic.Logger::filterAndLog_0_Or3Plus (61 bytes)
Event: 222.299 Thread 0x04f25400 nmethod 2751 0x02b41608 code [0x02b41750, 0x02b41a00]
Event: 222.301 Thread 0x04f25400 2752             org.dbflute.helper.StringKeyMap::put (59 bytes)
Event: 222.301 Thread 0x04f25400 nmethod 2752 0x02b41008 code [0x02b41160, 0x02b41388]
Event: 222.301 Thread 0x04f25400 2753             sun.util.calendar.BaseCalendar::getFixedDate (324 bytes)
Event: 222.302 Thread 0x04f25400 nmethod 2753 0x02b3c388 code [0x02b3c520, 0x02b3cecc]
Event: 222.302 Thread 0x04f25400 2754             sun.nio.cs.UTF_8$Encoder::encodeArrayLoop (489 bytes)
Event: 222.304 Thread 0x04f25400 nmethod 2754 0x02b38088 code [0x02b38430, 0x02b3919c]
Event: 222.304 Thread 0x04f25400 2755   !         java.io.PrintStream::write (69 bytes)
Event: 222.304 Thread 0x04f25400 nmethod 2755 0x02b37908 code [0x02b37a50, 0x02b37dc0]

GC Heap History (10 events):
Event: 11.494 GC heap before
{Heap before GC invocations=102 (full 3):
 def new generation   total 12352K, used 12352K [0x10200000, 0x10f60000, 0x15750000)
  eden space 11008K, 100% used [0x10200000, 0x10cc0000, 0x10cc0000)
  from space 1344K, 100% used [0x10e10000, 0x10f60000, 0x10f60000)
  to   space 1344K,   0% used [0x10cc0000, 0x10cc0000, 0x10e10000)
 tenured generation   total 27308K, used 20258K [0x15750000, 0x171fb000, 0x20200000)
   the space 27308K,  74% used [0x15750000, 0x16b18a28, 0x16b18c00, 0x171fb000)
 Metaspace       used 21698K, capacity 21858K, committed 22016K, reserved 22912K
Event: 11.502 GC heap after
Heap after GC invocations=103 (full 3):
 def new generation   total 12352K, used 1307K [0x10200000, 0x10f60000, 0x15750000)
  eden space 11008K,   0% used [0x10200000, 0x10200000, 0x10cc0000)
  from space 1344K,  97% used [0x10cc0000, 0x10e06d48, 0x10e10000)
  to   space 1344K,   0% used [0x10e10000, 0x10e10000, 0x10f60000)
 tenured generation   total 27308K, used 21265K [0x15750000, 0x171fb000, 0x20200000)
   the space 27308K,  77% used [0x15750000, 0x16c147a0, 0x16c14800, 0x171fb000)
 Metaspace       used 21698K, capacity 21858K, committed 22016K, reserved 22912K
}
Event: 11.667 GC heap before
{Heap before GC invocations=103 (full 3):
 def new generation   total 12352K, used 12315K [0x10200000, 0x10f60000, 0x15750000)
  eden space 11008K, 100% used [0x10200000, 0x10cc0000, 0x10cc0000)
  from space 1344K,  97% used [0x10cc0000, 0x10e06d48, 0x10e10000)
  to   space 1344K,   0% used [0x10e10000, 0x10e10000, 0x10f60000)
 tenured generation   total 27308K, used 21265K [0x15750000, 0x171fb000, 0x20200000)
   the space 27308K,  77% used [0x15750000, 0x16c147a0, 0x16c14800, 0x171fb000)
 Metaspace       used 22748K, capacity 22975K, committed 23040K, reserved 23936K
Event: 11.673 GC heap after
Heap after GC invocations=104 (full 3):
 def new generation   total 12352K, used 1012K [0x10200000, 0x10f60000, 0x15750000)
  eden space 11008K,   0% used [0x10200000, 0x10200000, 0x10cc0000)
  from space 1344K,  75% used [0x10e10000, 0x10f0d0b0, 0x10f60000)
  to   space 1344K,   0% used [0x10cc0000, 0x10cc0000, 0x10e10000)
 tenured generation   total 27308K, used 21803K [0x15750000, 0x171fb000, 0x20200000)
   the space 27308K,  79% used [0x15750000, 0x16c9acf8, 0x16c9ae00, 0x171fb000)
 Metaspace       used 22748K, capacity 22975K, committed 23040K, reserved 23936K
}
Event: 11.785 GC heap before
{Heap before GC invocations=104 (full 3):
 def new generation   total 12352K, used 12020K [0x10200000, 0x10f60000, 0x15750000)
  eden space 11008K, 100% used [0x10200000, 0x10cc0000, 0x10cc0000)
  from space 1344K,  75% used [0x10e10000, 0x10f0d0b0, 0x10f60000)
  to   space 1344K,   0% used [0x10cc0000, 0x10cc0000, 0x10e10000)
 tenured generation   total 27308K, used 21803K [0x15750000, 0x171fb000, 0x20200000)
   the space 27308K,  79% used [0x15750000, 0x16c9acf8, 0x16c9ae00, 0x171fb000)
 Metaspace       used 23500K, capacity 23744K, committed 23808K, reserved 23936K
Event: 11.788 GC heap after
Heap after GC invocations=105 (full 3):
 def new generation   total 12352K, used 1049K [0x10200000, 0x10f60000, 0x15750000)
  eden space 11008K,   0% used [0x10200000, 0x10200000, 0x10cc0000)
  from space 1344K,  78% used [0x10cc0000, 0x10dc6530, 0x10e10000)
  to   space 1344K,   0% used [0x10e10000, 0x10e10000, 0x10f60000)
 tenured generation   total 27308K, used 22034K [0x15750000, 0x171fb000, 0x20200000)
   the space 27308K,  80% used [0x15750000, 0x16cd4b08, 0x16cd4c00, 0x171fb000)
 Metaspace       used 23500K, capacity 23744K, committed 23808K, reserved 23936K
}
Event: 11.890 GC heap before
{Heap before GC invocations=105 (full 3):
 def new generation   total 12352K, used 12057K [0x10200000, 0x10f60000, 0x15750000)
  eden space 11008K, 100% used [0x10200000, 0x10cc0000, 0x10cc0000)
  from space 1344K,  78% used [0x10cc0000, 0x10dc6530, 0x10e10000)
  to   space 1344K,   0% used [0x10e10000, 0x10e10000, 0x10f60000)
 tenured generation   total 27308K, used 22034K [0x15750000, 0x171fb000, 0x20200000)
   the space 27308K,  80% used [0x15750000, 0x16cd4b08, 0x16cd4c00, 0x171fb000)
 Metaspace       used 24304K, capacity 24578K, committed 24704K, reserved 24960K
Event: 11.894 GC heap after
Heap after GC invocations=106 (full 3):
 def new generation   total 12352K, used 1344K [0x10200000, 0x10f60000, 0x15750000)
  eden space 11008K,   0% used [0x10200000, 0x10200000, 0x10cc0000)
  from space 1344K, 100% used [0x10e10000, 0x10f60000, 0x10f60000)
  to   space 1344K,   0% used [0x10cc0000, 0x10cc0000, 0x10e10000)
 tenured generation   total 27308K, used 22414K [0x15750000, 0x171fb000, 0x20200000)
   the space 27308K,  82% used [0x15750000, 0x16d33b48, 0x16d33c00, 0x171fb000)
 Metaspace       used 24304K, capacity 24578K, committed 24704K, reserved 24960K
}
Event: 165.990 GC heap before
{Heap before GC invocations=106 (full 3):
 def new generation   total 12352K, used 12352K [0x10200000, 0x10f60000, 0x15750000)
  eden space 11008K, 100% used [0x10200000, 0x10cc0000, 0x10cc0000)
  from space 1344K, 100% used [0x10e10000, 0x10f60000, 0x10f60000)
  to   space 1344K,   0% used [0x10cc0000, 0x10cc0000, 0x10e10000)
 tenured generation   total 27308K, used 22414K [0x15750000, 0x171fb000, 0x20200000)
   the space 27308K,  82% used [0x15750000, 0x16d33b48, 0x16d33c00, 0x171fb000)
 Metaspace       used 24644K, capacity 24908K, committed 24960K, reserved 24960K
Event: 165.995 GC heap after
Heap after GC invocations=107 (full 3):
 def new generation   total 12352K, used 660K [0x10200000, 0x10f60000, 0x15750000)
  eden space 11008K,   0% used [0x10200000, 0x10200000, 0x10cc0000)
  from space 1344K,  49% used [0x10cc0000, 0x10d651c0, 0x10e10000)
  to   space 1344K,   0% used [0x10e10000, 0x10e10000, 0x10f60000)
 tenured generation   total 27308K, used 23137K [0x15750000, 0x171fb000, 0x20200000)
   the space 27308K,  84% used [0x15750000, 0x16de8680, 0x16de8800, 0x171fb000)
 Metaspace       used 24644K, capacity 24908K, committed 24960K, reserved 24960K
}

Deoptimization events (0 events):
No events

Internal exceptions (10 events):
Event: 166.018 Thread 0x06402800 Exception <a 'java/security/PrivilegedActionException'> (0x103df520) thrown at [C:\re\workspace\8-2-build-windows-i586-cygwin\jdk8u31\2394\hotspot\src\share\vm\prims\jvm.cpp, line 1312]
Event: 166.019 Thread 0x06402800 Exception <a 'java/security/PrivilegedActionException'> (0x103ea6e8) thrown at [C:\re\workspace\8-2-build-windows-i586-cygwin\jdk8u31\2394\hotspot\src\share\vm\prims\jvm.cpp, line 1312]
Event: 166.019 Thread 0x06402800 Exception <a 'java/security/PrivilegedActionException'> (0x103ee918) thrown at [C:\re\workspace\8-2-build-windows-i586-cygwin\jdk8u31\2394\hotspot\src\share\vm\prims\jvm.cpp, line 1312]
Event: 166.020 Thread 0x06402800 Exception <a 'java/security/PrivilegedActionException'> (0x103fcbf8) thrown at [C:\re\workspace\8-2-build-windows-i586-cygwin\jdk8u31\2394\hotspot\src\share\vm\prims\jvm.cpp, line 1312]
Event: 166.020 Thread 0x06402800 Exception <a 'java/security/PrivilegedActionException'> (0x10401368) thrown at [C:\re\workspace\8-2-build-windows-i586-cygwin\jdk8u31\2394\hotspot\src\share\vm\prims\jvm.cpp, line 1312]
Event: 166.021 Thread 0x06402800 Exception <a 'java/security/PrivilegedActionException'> (0x1040f7c8) thrown at [C:\re\workspace\8-2-build-windows-i586-cygwin\jdk8u31\2394\hotspot\src\share\vm\prims\jvm.cpp, line 1312]
Event: 166.021 Thread 0x06402800 Exception <a 'java/security/PrivilegedActionException'> (0x10414960) thrown at [C:\re\workspace\8-2-build-windows-i586-cygwin\jdk8u31\2394\hotspot\src\share\vm\prims\jvm.cpp, line 1312]
Event: 181.665 Thread 0x063ac800 Exception <a 'java/lang/reflect/InvocationTargetException'> (0x104b5178) thrown at [C:\re\workspace\8-2-build-windows-i586-cygwin\jdk8u31\2394\hotspot\src\share\vm\runtime\reflection.cpp, line 1080]
Event: 206.546 Thread 0x063c4800 Exception <a 'java/lang/reflect/InvocationTargetException'> (0x1066add8) thrown at [C:\re\workspace\8-2-build-windows-i586-cygwin\jdk8u31\2394\hotspot\src\share\vm\runtime\reflection.cpp, line 1080]
Event: 222.295 Thread 0x06402800 Exception <a 'java/lang/reflect/InvocationTargetException'> (0x1080b048) thrown at [C:\re\workspace\8-2-build-windows-i586-cygwin\jdk8u31\2394\hotspot\src\share\vm\runtime\reflection.cpp, line 1080]

Events (10 events):
Event: 222.288 Thread 0x04f25400 flushing nmethod 0x02b419c8
Event: 222.288 Thread 0x04f25400 flushing nmethod 0x02b42008
Event: 222.295 Thread 0x06402800 DEOPT PACKING pc=0x02cecf90 sp=0x070dd890
Event: 222.295 Thread 0x06402800 DEOPT UNPACKING pc=0x02a8c35b sp=0x070dd724 mode 1
Event: 222.295 Thread 0x06402800 DEOPT PACKING pc=0x02cecc94 sp=0x070dd8c0
Event: 222.295 Thread 0x06402800 DEOPT UNPACKING pc=0x02a8c35b sp=0x070dd78c mode 1
Event: 261.259 Executing VM operation: RevokeBias
Event: 261.259 Executing VM operation: RevokeBias done
Event: 391.130 Executing VM operation: RedefineClasses
Event: 391.139 Executing VM operation: RedefineClasses done


Dynamic libraries:
0x00b80000 - 0x00bb0000 	D:\PG\Java\jdk1.8.0_31\bin\javaw.exe
0x77a90000 - 0x77bfe000 	C:\WINDOWS\SYSTEM32\ntdll.dll
0x76e00000 - 0x76f40000 	C:\WINDOWS\SYSTEM32\KERNEL32.DLL
0x75300000 - 0x753d7000 	C:\WINDOWS\SYSTEM32\KERNELBASE.dll
0x6f530000 - 0x6f5d0000 	C:\WINDOWS\system32\apphelp.dll
0x62cf0000 - 0x62f55000 	C:\WINDOWS\AppPatch\AcGenral.DLL
0x77550000 - 0x77613000 	C:\WINDOWS\SYSTEM32\msvcrt.dll
0x75810000 - 0x75851000 	C:\WINDOWS\SYSTEM32\sechost.dll
0x75290000 - 0x752ae000 	C:\WINDOWS\SYSTEM32\SspiCli.dll
0x75690000 - 0x756d5000 	C:\WINDOWS\SYSTEM32\SHLWAPI.dll
0x728d0000 - 0x729bd000 	C:\WINDOWS\SYSTEM32\UxTheme.dll
0x77750000 - 0x778a3000 	C:\WINDOWS\SYSTEM32\USER32.dll
0x778b0000 - 0x779be000 	C:\WINDOWS\SYSTEM32\GDI32.dll
0x74b70000 - 0x74b93000 	C:\WINDOWS\SYSTEM32\WINMM.dll
0x6b100000 - 0x6b113000 	C:\WINDOWS\SYSTEM32\samcli.dll
0x76f40000 - 0x77068000 	C:\WINDOWS\SYSTEM32\ole32.dll
0x776b0000 - 0x77745000 	C:\WINDOWS\SYSTEM32\OLEAUT32.dll
0x68f00000 - 0x68f17000 	C:\WINDOWS\SYSTEM32\MSACM32.dll
0x75010000 - 0x75018000 	C:\WINDOWS\SYSTEM32\VERSION.dll
0x75b40000 - 0x76dec000 	C:\WINDOWS\SYSTEM32\SHELL32.dll
0x737c0000 - 0x737db000 	C:\WINDOWS\SYSTEM32\USERENV.dll
0x6f5d0000 - 0x6f5ea000 	C:\WINDOWS\SYSTEM32\dwmapi.dll
0x6dd40000 - 0x6de8a000 	C:\WINDOWS\SYSTEM32\urlmon.dll
0x759d0000 - 0x75a4c000 	C:\WINDOWS\SYSTEM32\ADVAPI32.dll
0x703d0000 - 0x70435000 	C:\WINDOWS\SYSTEM32\WINSPOOL.DRV
0x6bf40000 - 0x6bf56000 	C:\WINDOWS\SYSTEM32\MPR.dll
0x77270000 - 0x7732a000 	C:\WINDOWS\SYSTEM32\RPCRT4.dll
0x75280000 - 0x7528a000 	C:\WINDOWS\SYSTEM32\CRYPTBASE.dll
0x753f0000 - 0x7556d000 	C:\WINDOWS\SYSTEM32\combase.dll
0x73900000 - 0x73923000 	C:\WINDOWS\SYSTEM32\WINMMBASE.dll
0x73830000 - 0x7383f000 	C:\WINDOWS\SYSTEM32\profapi.dll
0x72ff0000 - 0x73222000 	C:\WINDOWS\SYSTEM32\iertutil.dll
0x73440000 - 0x73615000 	C:\WINDOWS\SYSTEM32\WININET.dll
0x75220000 - 0x75274000 	C:\WINDOWS\SYSTEM32\bcryptPrimitives.dll
0x77070000 - 0x770ac000 	C:\WINDOWS\SYSTEM32\cfgmgr32.dll
0x738d0000 - 0x738f1000 	C:\WINDOWS\SYSTEM32\DEVOBJ.dll
0x73840000 - 0x738cb000 	C:\WINDOWS\SYSTEM32\SHCORE.DLL
0x752b0000 - 0x752d7000 	C:\WINDOWS\system32\IMM32.DLL
0x75570000 - 0x75683000 	C:\WINDOWS\SYSTEM32\MSCTF.dll
0x72cb0000 - 0x72eb6000 	C:\WINDOWS\WinSxS\x86_microsoft.windows.common-controls_6595b64144ccf1df_6.0.9600.17415_none_a9ed7f470139b3c1\COMCTL32.dll
0x10000000 - 0x100bd000 	D:\PG\mactype\MacType.dll
0x6bb20000 - 0x6bb3c000 	D:\PG\mactype\EasyHK32.dll
0x774c0000 - 0x774c6000 	C:\WINDOWS\SYSTEM32\PSAPI.DLL
0x68e40000 - 0x68eff000 	D:\PG\Java\jdk1.8.0_31\bin\msvcr100.dll
0x61140000 - 0x614e4000 	D:\PG\Java\jdk1.8.0_31\bin\client\jvm.dll
0x737b0000 - 0x737b8000 	C:\WINDOWS\SYSTEM32\WSOCK32.dll
0x75780000 - 0x757d0000 	C:\WINDOWS\SYSTEM32\WS2_32.dll
0x76df0000 - 0x76df7000 	C:\WINDOWS\SYSTEM32\NSI.dll
0x63040000 - 0x6304c000 	D:\PG\Java\jdk1.8.0_31\bin\verify.dll
0x63010000 - 0x63031000 	D:\PG\Java\jdk1.8.0_31\bin\java.dll
0x6f730000 - 0x6f759000 	D:\PG\Java\jdk1.8.0_31\bin\jdwp.dll
0x6f720000 - 0x6f727000 	D:\PG\Java\jdk1.8.0_31\bin\npt.dll
0x62ff0000 - 0x63003000 	D:\PG\Java\jdk1.8.0_31\bin\zip.dll
0x6c5d0000 - 0x6c5d8000 	D:\PG\Java\jdk1.8.0_31\bin\dt_socket.dll
0x6f690000 - 0x6f6a1000 	C:\WINDOWS\system32\napinsp.dll
0x6f670000 - 0x6f686000 	C:\WINDOWS\system32\pnrpnsp.dll
0x6f650000 - 0x6f664000 	C:\WINDOWS\system32\NLAapi.dll
0x73730000 - 0x7377b000 	C:\WINDOWS\System32\mswsock.dll
0x6fd70000 - 0x6fdee000 	C:\WINDOWS\SYSTEM32\DNSAPI.dll
0x6f640000 - 0x6f64a000 	C:\WINDOWS\System32\winrnr.dll
0x6fd40000 - 0x6fd61000 	C:\Program Files (x86)\Bonjour\mdnsNSP.dll
0x72fd0000 - 0x72ff0000 	C:\WINDOWS\SYSTEM32\Iphlpapi.DLL
0x72c10000 - 0x72c18000 	C:\WINDOWS\SYSTEM32\WINNSI.DLL
0x6fce0000 - 0x6fd26000 	C:\WINDOWS\System32\fwpuclnt.dll
0x6fd30000 - 0x6fd38000 	C:\Windows\System32\rasadhlp.dll
0x62fd0000 - 0x62fe5000 	D:\PG\Java\jdk1.8.0_31\bin\net.dll
0x6bf70000 - 0x6bf7a000 	D:\PG\Java\jdk1.8.0_31\bin\management.dll
0x62f80000 - 0x62fa0000 	D:\PG\Java\jdk1.8.0_31\bin\sunec.dll
0x72a10000 - 0x72a29000 	C:\WINDOWS\SYSTEM32\CRYPTSP.dll
0x729e0000 - 0x72a10000 	C:\WINDOWS\system32\rsaenh.dll
0x729c0000 - 0x729de000 	C:\WINDOWS\SYSTEM32\bcrypt.dll
0x6fb20000 - 0x6fb33000 	C:\WINDOWS\SYSTEM32\dhcpcsvc6.DLL
0x6fb00000 - 0x6fb14000 	C:\WINDOWS\SYSTEM32\dhcpcsvc.DLL
0x62fc0000 - 0x62fcf000 	D:\PG\Java\jdk1.8.0_31\bin\nio.dll
0x70040000 - 0x70181000 	C:\WINDOWS\SYSTEM32\dbghelp.dll

VM Arguments:
jvm_args: -agentlib:jdwp=transport=dt_socket,suspend=y,address=localhost:58295 -Dfile.encoding=UTF-8 
java_command: com.mssoftech.springreact.Application
java_class_path (initial): D:\AW\Proj\spring\wkspring\spring-react\target\classes;C:\Users\shimura-net\.m2\repository\org\springframework\boot\spring-boot-starter-web\1.2.2.BUILD-SNAPSHOT\spring-boot-starter-web-1.2.2.BUILD-SNAPSHOT.jar;C:\Users\shimura-net\.m2\repository\org\springframework\boot\spring-boot-starter\1.2.2.BUILD-SNAPSHOT\spring-boot-starter-1.2.2.BUILD-SNAPSHOT.jar;C:\Users\shimura-net\.m2\repository\org\springframework\boot\spring-boot\1.2.2.BUILD-SNAPSHOT\spring-boot-1.2.2.BUILD-SNAPSHOT.jar;C:\Users\shimura-net\.m2\repository\org\springframework\boot\spring-boot-autoconfigure\1.2.2.BUILD-SNAPSHOT\spring-boot-autoconfigure-1.2.2.BUILD-SNAPSHOT.jar;C:\Users\shimura-net\.m2\repository\org\springframework\boot\spring-boot-starter-logging\1.2.2.BUILD-SNAPSHOT\spring-boot-starter-logging-1.2.2.BUILD-SNAPSHOT.jar;C:\Users\shimura-net\.m2\repository\org\slf4j\jcl-over-slf4j\1.7.10\jcl-over-slf4j-1.7.10.jar;C:\Users\shimura-net\.m2\repository\org\slf4j\jul-to-slf4j\1.7.10\jul-to-slf4j-1.7.10.jar;C:\Users\shimura-net\.m2\repository\org\slf4j\log4j-over-slf4j\1.7.10\log4j-over-slf4j-1.7.10.jar;C:\Users\shimura-net\.m2\repository\ch\qos\logback\logback-classic\1.1.2\logback-classic-1.1.2.jar;C:\Users\shimura-net\.m2\repository\ch\qos\logback\logback-core\1.1.2\logback-core-1.1.2.jar;C:\Users\shimura-net\.m2\repository\org\yaml\snakeyaml\1.14\snakeyaml-1.14.jar;C:\Users\shimura-net\.m2\repository\com\fasterxml\jackson\core\jackson-databind\2.4.4\jackson-databind-2.4.4.jar;C:\Users\shimura-net\.m2\repository\com\fasterxml\jackson\core\jackson-annotations\2.4.4\jackson-annotations-2.4.4.jar;C:\Users\shimura-net\.m2\repository\com\fasterxml\jackson\core\jackson-core\2.4.4\jackson-core-2.4.4.jar;C:\Users\shimura-net\.m2\repository\org\hibernate\hibernate-validator\5.1.3.Final\hibernate-validator-5.1.3.Final.jar;C:\Users\shimura-net\.m2\repository\javax\validation\validation-api\1.1.0.Final\validation-api-1.1.0.Final.jar;C:\Users\shimura-net\.m2\repository\org\jb
Launcher Type: SUN_STANDARD

Environment Variables:
JAVA_HOME=d:\pg\Java\jdk1.8.0_31
CLASSPATH=.;C:\Program Files (x86)\Java\jre7\lib\ext\QTJava.zip
USERNAME=shimura-net
OS=Windows_NT
PROCESSOR_IDENTIFIER=Intel64 Family 6 Model 58 Stepping 9, GenuineIntel



---------------  S Y S T E M  ---------------

OS: Windows 8.1 , 64 bit Build 9600 

CPU:total 8 (4 cores per cpu, 2 threads per core) family 6 model 58 stepping 9, cmov, cx8, fxsr, mmx, sse, sse2, sse3, ssse3, sse4.1, sse4.2, popcnt, avx, aes, clmul, erms, ht, tsc, tscinvbit, tscinv

Memory: 4k page, physical 16461924k(12607580k free), swap 31535204k(21729760k free)

vm_info: Java HotSpot(TM) Client VM (25.31-b07) for windows-x86 JRE (1.8.0_31-b13), built on Dec 17 2014 20:46:12 by "java_re" with MS VC++ 10.0 (VS2010)

time: Wed Jan 28 20:53:07 2015
elapsed time: 391 seconds (0d 0h 6m 31s)

