2015-01-27 09:13:12,662 [main] INFO  (TorqueJDBCTransformTask#begin():104) - +------------------------------------------+
2015-01-27 09:13:12,662 [main] INFO  (TorqueJDBCTransformTask#begin():105) - |                                          |
2015-01-27 09:13:12,662 [main] INFO  (TorqueJDBCTransformTask#begin():106) - |                   JDBC                   |
2015-01-27 09:13:12,662 [main] INFO  (TorqueJDBCTransformTask#begin():107) - |                                          |
2015-01-27 09:13:12,662 [main] INFO  (TorqueJDBCTransformTask#begin():108) - +------------------------------------------+
2015-01-27 09:13:12,693 [main] INFO  (DfDataSourceHandler#prepare():78) - ...Preparing data source:
2015-01-27 09:13:12,693 [main] INFO  (DfDataSourceHandler#prepare():79) -   driver = org.postgresql.Driver
2015-01-27 09:13:12,693 [main] INFO  (DfDataSourceHandler#prepare():80) -   url    = jdbc:postgresql://localhost:5432/react
2015-01-27 09:13:12,693 [main] INFO  (DfDataSourceHandler#prepare():81) -   user   = test
2015-01-27 09:13:12,740 [main] INFO  (DfSchemaXmlSerializer#serialize():285) - 
2015-01-27 09:13:12,740 [main] INFO  (DfSchemaXmlSerializer#serialize():286) - ...Starting to process JDBC to SchemaXML
2015-01-27 09:13:12,740 [main] INFO  (DfSchemaXmlSerializer#doLoadPreviousSchema():1460) - ...Loading previous schema (schema diff process)
2015-01-27 09:13:12,740 [main] INFO  (DfSchemaXmlSerializer#doLoadPreviousSchema():1463) -  -> no previous (first time)
2015-01-27 09:13:12,755 [main] INFO  (DfSchemaXmlSerializer#generateXML():359) - ...Getting DB connection
2015-01-27 09:13:12,771 [main] INFO  (DfDataSourceHandler#createConnection():166) - ...Connecting to database by data source:
2015-01-27 09:13:12,943 [main] INFO  (DfDataSourceHandler#setupConnectionMetaInfo():233) -   product = PostgreSQL 9.1.7
2015-01-27 09:13:12,943 [main] INFO  (DfDataSourceHandler#setupConnectionMetaInfo():234) -   driver  = PostgreSQL Native Driver PostgreSQL 9.3 JDBC4.1 (build 1102) for JDBC 4.0
2015-01-27 09:13:12,958 [main] INFO  (DfCurrentSchemaConnector#executeCurrentSchemaSql():77) - ...Connecting to the schema
2015-01-27 09:13:12,958 [main] INFO  (DfCurrentSchemaConnector#executeCurrentSchemaSql():78) - set search_path to public
2015-01-27 09:13:12,958 [main] INFO  (DfSchemaXmlSerializer#generateXML():362) - ...Getting DB meta data
2015-01-27 09:13:12,958 [main] INFO  (DfTableExtractor#doGetTableList():66) - ...Getting tables:
2015-01-27 09:13:12,958 [main] INFO  (DfTableExtractor#doGetTableList():67) -   schema = {react.public as main}
2015-01-27 09:13:12,958 [main] INFO  (DfTableExtractor#doGetTableList():68) -   types  = [TABLE, VIEW]
2015-01-27 09:13:13,429 [main] INFO  (DfSchemaXmlSerializer#processTable():419) - 
2015-01-27 09:13:13,429 [main] INFO  (DfSchemaXmlSerializer#processTable():420) - $ /= = = = = = = = = = = = = = = = = = = = = = = = = =
2015-01-27 09:13:13,429 [main] INFO  (DfSchemaXmlSerializer#processTable():421) - $ [Table List]
2015-01-27 09:13:13,429 [main] INFO  (DfSchemaXmlSerializer#doProcessTable():501) - $ react.public.login(TABLE)
2015-01-27 09:13:13,744 [main] INFO  (DfSchemaXmlSerializer#doProcessTable():501) - $ react.public.session(TABLE)
2015-01-27 09:13:13,822 [main] INFO  (DfSchemaXmlSerializer#doProcessTable():501) - $ react.public.sys_table(TABLE)
2015-01-27 09:13:13,900 [main] INFO  (DfSchemaXmlSerializer#doProcessTable():501) - $ react.public.user_table(TABLE)
2015-01-27 09:13:13,978 [main] INFO  (DfSchemaXmlSerializer#processTable():433) - $ 
2015-01-27 09:13:13,994 [main] INFO  (DfSchemaXmlSerializer#processTable():434) - $ [Table Count]
2015-01-27 09:13:13,994 [main] INFO  (DfSchemaXmlSerializer#processTable():435) - $ 4
2015-01-27 09:13:13,994 [main] INFO  (DfSchemaXmlSerializer#processTable():436) - $ = = = = = = = = = =/
2015-01-27 09:13:13,994 [main] INFO  (DfSchemaXmlSerializer#processTable():437) - 
2015-01-27 09:13:13,994 [main] INFO  (DfSchemaXmlSerializer#processSequence():796) - ...Getting sequences
2015-01-27 09:13:13,994 [main] INFO  (DfSequenceExtractorPostgreSQL#doGetSequenceMap():53) - ...Loading sequence informations
2015-01-27 09:13:13,994 [main] INFO  (DfSequenceExtractorBase#selectStringList():75) - select * from information_schema.sequences where sequence_schema in ('public')
2015-01-27 09:13:14,119 [main] INFO  (DfSequenceExtractorPostgreSQL#doGetSequenceMap():99) - 
[SEQUENCE]
 react.public.login_id_seq = react.public.login_id_seq:{1 to 9223372036854775807, increment 1}
 react.public.sys_table_id_seq = react.public.sys_table_id_seq:{1 to 9223372036854775807, increment 1}
 react.public.session_id_seq = react.public.session_id_seq:{1 to 9223372036854775807, increment 1}
 react.public.user_table_id_seq = react.public.user_table_id_seq:{1 to 9223372036854775807, increment 1}
2015-01-27 09:13:14,119 [main] INFO  (DfSchemaXmlSerializer#processSequence():801) - ...Processing sequences: 4
2015-01-27 09:13:14,181 [main] INFO  (DfSchemaXmlSerializer#serialize():300) - ...Serializing XML:
2015-01-27 09:13:14,181 [main] INFO  (DfSchemaXmlSerializer#serialize():301) -   filePath = ./schema/project-schema-postgres.xml
2015-01-27 09:13:14,181 [main] INFO  (DfSchemaXmlSerializer#serialize():302) -   encoding = UTF-8
2015-01-27 09:13:14,197 [main] INFO  (DfDataSourceHandler#destroy():120) - ...closeReally()
2015-01-27 09:13:14,213 [main] INFO  (DfDBFluteTaskUtil#logFinalMessage():139) - 
_/_/_/_/_/_/_/_/_/_/_/_/_/_/_/_/_/_/_/_/_/_/
[Final Message]: 00m01s551ms

  DBFLUTE_CLIENT: {postgres}
    database  = postgresql (PostgreSQL 9.1.7)
    language  = java
    container = spring
    package   = com.mssoftech.boot1.dbflute

  DBFLUTE_ENVIRONMENT_TYPE: {}
    driver = org.postgresql.Driver
    url    = jdbc:postgresql://localhost:5432/react
    schema = {react.public as main}
    user   = test
    props  = {}
    additionalSchema = 
    repsEnvType      = ut
    refreshProject   = $$AutoDetect$$
_/_/_/_/_/_/_/_/_/_/ {JDBC}
2015-01-27 09:13:29,797 [main] INFO  (TorqueDataModelTask#begin():109) - +------------------------------------------+
2015-01-27 09:13:29,812 [main] INFO  (TorqueDataModelTask#begin():110) - |                                          |
2015-01-27 09:13:29,812 [main] INFO  (TorqueDataModelTask#begin():111) - |                 Generate                 |
2015-01-27 09:13:29,812 [main] INFO  (TorqueDataModelTask#begin():112) - |                                          |
2015-01-27 09:13:29,812 [main] INFO  (TorqueDataModelTask#begin():113) - +------------------------------------------+
2015-01-27 09:13:29,828 [main] INFO  (DfDataSourceHandler#prepare():78) - ...Preparing data source:
2015-01-27 09:13:29,844 [main] INFO  (DfDataSourceHandler#prepare():79) -   driver = org.postgresql.Driver
2015-01-27 09:13:29,844 [main] INFO  (DfDataSourceHandler#prepare():80) -   url    = jdbc:postgresql://localhost:5432/react
2015-01-27 09:13:29,844 [main] INFO  (DfDataSourceHandler#prepare():81) -   user   = test
2015-01-27 09:13:29,859 [main] INFO  (TorqueDataModelTask#setupControlTemplate():164) - 
2015-01-27 09:13:29,859 [main] INFO  (TorqueDataModelTask#setupControlTemplate():165) - ...Using Java control: om/ControlGenerateJava.vm
2015-01-27 09:13:30,031 [main] INFO  (DTDResolver#resolveEntity():195) - ...Resolving XML by database.dtd in same package
2015-01-27 09:13:30,094 [main] INFO  (DfAbstractTexenTask#fireVelocityProcess():255) - generator.parse("om/ControlGenerateJava.vm", c);
2015-01-27 09:13:30,187 [main] INFO  (Database#doEnableGenerateOutputDirectory():1142) - ...Setting up generateOutputDirectory: ../src/main/java
2015-01-27 09:13:30,187 [main] INFO  (DfAdditionalPrimaryKeyInitializer#initializeAdditionalPrimaryKey():62) - /=======================================
2015-01-27 09:13:30,187 [main] INFO  (DfAdditionalPrimaryKeyInitializer#initializeAdditionalPrimaryKey():63) - ...Initializing additional primary keys.
2015-01-27 09:13:30,187 [main] INFO  (DfAdditionalPrimaryKeyInitializer#initializeAdditionalPrimaryKey():88) - ==========/
2015-01-27 09:13:30,187 [main] INFO  (DfAdditionalUniqueKeyInitializer#initializeAdditionalUniqueKey():62) - /=======================================
2015-01-27 09:13:30,187 [main] INFO  (DfAdditionalUniqueKeyInitializer#initializeAdditionalUniqueKey():63) - ...Initializing additional unique keys.
2015-01-27 09:13:30,203 [main] INFO  (DfAdditionalUniqueKeyInitializer#initializeAdditionalUniqueKey():83) - ==========/
2015-01-27 09:13:30,203 [main] INFO  (DfAdditionalForeignKeyInitializer#initializeAdditionalForeignKey():68) - /=======================================
2015-01-27 09:13:30,203 [main] INFO  (DfAdditionalForeignKeyInitializer#initializeAdditionalForeignKey():69) - ...Initializing additional foreign keys.
2015-01-27 09:13:30,203 [main] INFO  (DfAdditionalForeignKeyInitializer#initializeAdditionalForeignKey():88) - ==========/
2015-01-27 09:13:30,219 [main] INFO  (DfIncludeQueryInitializer#initializeIncludeQuery():58) - /=============================
2015-01-27 09:13:30,219 [main] INFO  (DfIncludeQueryInitializer#initializeIncludeQuery():59) - ...Initializing include query.
2015-01-27 09:13:30,219 [main] INFO  (DfIncludeQueryInitializer#checkQueryMap():81) - String
2015-01-27 09:13:30,219 [main] INFO  (DfIncludeQueryInitializer#checkQueryMap():81) - Number
2015-01-27 09:13:30,219 [main] INFO  (DfIncludeQueryInitializer#checkQueryMap():81) - Date
2015-01-27 09:13:30,219 [main] INFO  (DfIncludeQueryInitializer#checkQueryMap():86) -   NotEqual -> []
2015-01-27 09:13:30,219 [main] INFO  (DfIncludeQueryInitializer#checkQueryMap():86) -   InScope -> []
2015-01-27 09:13:30,219 [main] INFO  (DfIncludeQueryInitializer#checkQueryMap():86) -   NotInScope -> []
2015-01-27 09:13:30,219 [main] INFO  (DfIncludeQueryInitializer#checkQueryMap():81) - OrderBy
2015-01-27 09:13:30,219 [main] INFO  (DfIncludeQueryInitializer#initializeIncludeQuery():61) - ========/
2015-01-27 09:13:30,234 [main] INFO  (Database#info():2645) - public void parseAllCommon() {
2015-01-27 09:13:30,234 [main] INFO  (Database#info():2645) -     parse('DBCurrent');
2015-01-27 09:13:30,234 [main] INFO  (Database#info():2645) -     parse('DBFluteConfig');
2015-01-27 09:13:30,281 [main] INFO  (Database#info():2645) -     parse('DBFluteInitializer');
2015-01-27 09:13:30,281 [main] INFO  (Database#info():2645) -     parse('DBMetaInstanceHandler');
2015-01-27 09:13:30,297 [main] INFO  (Database#info():2645) -     parse('EntityDefinedCommonColumn');
2015-01-27 09:13:30,312 [main] INFO  (Database#info():2645) -     parse('ImplementedBehaviorSelector');
2015-01-27 09:13:30,312 [main] INFO  (Database#info():2645) -     parse('ImplementedCommonColumnAutoSetupper');
2015-01-27 09:13:30,312 [main] INFO  (Database#info():2645) -     parse('ImplementedInvokerAssistant');
2015-01-27 09:13:30,328 [main] INFO  (Database#info():2645) -     parse('ImplementedSqlClauseCreator');
2015-01-27 09:13:30,328 [main] INFO  (Database#info():2645) - }
2015-01-27 09:13:30,328 [main] INFO  (Database#info():2645) - public void parseContainerConfig() {
2015-01-27 09:13:30,328 [main] INFO  (Database#info():2645) -     parse('com\mssoftech\boot1\dbflute\allcommon\DBFluteBeansJavaConfig.java')
2015-01-27 09:13:30,344 [main] INFO  (Database#info():2645) - }
2015-01-27 09:13:30,359 [main] INFO  (DfOldClassHandler#info():1033) - public void deleteOldTableClass() {
2015-01-27 09:13:30,375 [main] INFO  (DfOldClassHandler#info():1033) - }
2015-01-27 09:13:30,375 [main] INFO  (Database#info():2645) - public void parseTableClass() {
2015-01-27 09:13:30,375 [main] INFO  (Database#info():2645) -     parse('login');
2015-01-27 09:13:30,500 [main] INFO  (DfSequenceExtractorPostgreSQL#doGetSequenceMap():53) - ...Loading sequence informations
2015-01-27 09:13:30,500 [main] INFO  (DfSequenceExtractorBase#selectStringList():75) - select * from information_schema.sequences where sequence_schema in ('public')
2015-01-27 09:13:30,516 [main] INFO  (DfDataSourceHandler#createConnection():166) - ...Connecting to database by data source:
2015-01-27 09:13:30,609 [main] INFO  (DfDataSourceHandler#setupConnectionMetaInfo():233) -   product = PostgreSQL 9.1.7
2015-01-27 09:13:30,609 [main] INFO  (DfDataSourceHandler#setupConnectionMetaInfo():234) -   driver  = PostgreSQL Native Driver PostgreSQL 9.3 JDBC4.1 (build 1102) for JDBC 4.0
2015-01-27 09:13:30,627 [main] INFO  (DfCurrentSchemaConnector#executeCurrentSchemaSql():77) - ...Connecting to the schema
2015-01-27 09:13:30,627 [main] INFO  (DfCurrentSchemaConnector#executeCurrentSchemaSql():78) - set search_path to public
2015-01-27 09:13:30,658 [main] INFO  (DfSequenceExtractorPostgreSQL#doGetSequenceMap():99) - 
[SEQUENCE]
 react.public.login_id_seq = react.public.login_id_seq:{1 to 9223372036854775807, increment 1}
 react.public.sys_table_id_seq = react.public.sys_table_id_seq:{1 to 9223372036854775807, increment 1}
 react.public.session_id_seq = react.public.session_id_seq:{1 to 9223372036854775807, increment 1}
 react.public.user_table_id_seq = react.public.user_table_id_seq:{1 to 9223372036854775807, increment 1}
2015-01-27 09:13:30,725 [main] INFO  (Database#info():2645) -     parse('session');
2015-01-27 09:13:30,862 [main] INFO  (Database#info():2645) -     parse('sys_table');
2015-01-27 09:13:30,987 [main] INFO  (Database#info():2645) -     parse('user_table');
2015-01-27 09:13:31,157 [main] INFO  (Database#info():2645) - }
2015-01-27 09:13:31,157 [main] INFO  (Database#info():2645) -  
2015-01-27 09:13:31,282 [main] INFO  (DfRefreshResourceProcess#show():297) - ...Refreshing [Boot1] by http://localhost:8386/
2015-01-27 09:13:32,298 [main] INFO  (DfRefreshResourceProcess#show():297) - ...Retrying refreshing by default secondary URL http://localhost:8387/
2015-01-27 09:13:33,326 [main] INFO  (DfRefreshResourceProcess#show():297) - Look! Read the message below.
/* * * * * * * * * * * * * * * * * * * * * * * * * * * * * * * * * *
Failed to refresh the resources.

[Project List]
[Boot1]

[Request URL]
http://localhost:8386/

[IOExpception]
ConnectException
Connection refused: connect
* * * * * * * * * */
2015-01-27 09:13:33,326 [main] INFO  (DfDataSourceHandler#destroy():120) - ...closeReally()
2015-01-27 09:13:33,326 [main] INFO  (DfDBFluteTaskUtil#logFinalMessage():139) - 
_/_/_/_/_/_/_/_/_/_/_/_/_/_/_/_/_/_/_/_/_/_/
[Final Message]: 00m03s545ms

  DBFLUTE_CLIENT: {postgres}
    database  = postgresql (PostgreSQL 9.1.7)
    language  = java
    container = spring
    package   = com.mssoftech.boot1.dbflute

  DBFLUTE_ENVIRONMENT_TYPE: {}
    driver = org.postgresql.Driver
    url    = jdbc:postgresql://localhost:5432/react
    schema = {react.public as main}
    user   = test
    props  = {}
    additionalSchema = 
    repsEnvType      = ut
    refreshProject   = $$AutoDetect$$
_/_/_/_/_/_/_/_/_/_/ {Generate}
2015-01-27 09:13:42,361 [main] INFO  (TorqueDocumentationTask#begin():175) - +------------------------------------------+
2015-01-27 09:13:42,365 [main] INFO  (TorqueDocumentationTask#begin():176) - |                                          |
2015-01-27 09:13:42,365 [main] INFO  (TorqueDocumentationTask#begin():177) - |                   Doc                    |
2015-01-27 09:13:42,365 [main] INFO  (TorqueDocumentationTask#begin():185) - |                                          |
2015-01-27 09:13:42,366 [main] INFO  (TorqueDocumentationTask#begin():186) - +------------------------------------------+
2015-01-27 09:13:42,393 [main] INFO  (DfDataSourceHandler#prepare():78) - ...Preparing data source:
2015-01-27 09:13:42,393 [main] INFO  (DfDataSourceHandler#prepare():79) -   driver = org.postgresql.Driver
2015-01-27 09:13:42,394 [main] INFO  (DfDataSourceHandler#prepare():80) -   url    = jdbc:postgresql://localhost:5432/react
2015-01-27 09:13:42,394 [main] INFO  (DfDataSourceHandler#prepare():81) -   user   = test
2015-01-27 09:13:42,396 [main] INFO  (TorqueDocumentationTask#processSchemaHtml():246) - 
2015-01-27 09:13:42,396 [main] INFO  (TorqueDocumentationTask#processSchemaHtml():247) - * * * * * * * * * * *
2015-01-27 09:13:42,397 [main] INFO  (TorqueDocumentationTask#processSchemaHtml():248) - *                   *
2015-01-27 09:13:42,397 [main] INFO  (TorqueDocumentationTask#processSchemaHtml():249) - *    Schema HTML    *
2015-01-27 09:13:42,397 [main] INFO  (TorqueDocumentationTask#processSchemaHtml():250) - *                   *
2015-01-27 09:13:42,397 [main] INFO  (TorqueDocumentationTask#processSchemaHtml():251) - * * * * * * * * * * *
2015-01-27 09:13:42,573 [main] INFO  (DTDResolver#resolveEntity():195) - ...Resolving XML by database.dtd in same package
2015-01-27 09:13:42,651 [main] INFO  (DfAbstractTexenTask#fireVelocityProcess():255) - generator.parse("doc/ControlDocument.vm", c);
2015-01-27 09:13:42,698 [main] INFO  (Database#doEnableDocumentOutputDirectory():1174) - ...Setting up documentOutputDirectory: ./output/doc
2015-01-27 09:13:42,714 [main] INFO  (DfAdditionalPrimaryKeyInitializer#initializeAdditionalPrimaryKey():62) - /=======================================
2015-01-27 09:13:42,714 [main] INFO  (DfAdditionalPrimaryKeyInitializer#initializeAdditionalPrimaryKey():63) - ...Initializing additional primary keys.
2015-01-27 09:13:42,714 [main] INFO  (DfAdditionalPrimaryKeyInitializer#initializeAdditionalPrimaryKey():88) - ==========/
2015-01-27 09:13:42,714 [main] INFO  (DfAdditionalUniqueKeyInitializer#initializeAdditionalUniqueKey():62) - /=======================================
2015-01-27 09:13:42,714 [main] INFO  (DfAdditionalUniqueKeyInitializer#initializeAdditionalUniqueKey():63) - ...Initializing additional unique keys.
2015-01-27 09:13:42,714 [main] INFO  (DfAdditionalUniqueKeyInitializer#initializeAdditionalUniqueKey():83) - ==========/
2015-01-27 09:13:42,714 [main] INFO  (DfAdditionalForeignKeyInitializer#initializeAdditionalForeignKey():68) - /=======================================
2015-01-27 09:13:42,714 [main] INFO  (DfAdditionalForeignKeyInitializer#initializeAdditionalForeignKey():69) - ...Initializing additional foreign keys.
2015-01-27 09:13:42,714 [main] INFO  (DfAdditionalForeignKeyInitializer#initializeAdditionalForeignKey():88) - ==========/
2015-01-27 09:13:42,730 [main] INFO  (DfDocumentSelector#doLoadSchemaHistory():150) - ...Loading schema history
2015-01-27 09:13:42,730 [main] INFO  (DfDocumentSelector#doLoadSchemaHistory():156) -  -> no history
2015-01-27 09:13:42,808 [main] INFO  (DfSequenceExtractorPostgreSQL#doGetSequenceMap():53) - ...Loading sequence informations
2015-01-27 09:13:42,808 [main] INFO  (DfSequenceExtractorBase#selectStringList():75) - select * from information_schema.sequences where sequence_schema in ('public')
2015-01-27 09:13:42,823 [main] INFO  (DfDataSourceHandler#createConnection():166) - ...Connecting to database by data source:
2015-01-27 09:13:42,933 [main] INFO  (DfDataSourceHandler#setupConnectionMetaInfo():233) -   product = PostgreSQL 9.1.7
2015-01-27 09:13:42,933 [main] INFO  (DfDataSourceHandler#setupConnectionMetaInfo():234) -   driver  = PostgreSQL Native Driver PostgreSQL 9.3 JDBC4.1 (build 1102) for JDBC 4.0
2015-01-27 09:13:42,948 [main] INFO  (DfCurrentSchemaConnector#executeCurrentSchemaSql():77) - ...Connecting to the schema
2015-01-27 09:13:42,948 [main] INFO  (DfCurrentSchemaConnector#executeCurrentSchemaSql():78) - set search_path to public
2015-01-27 09:13:42,964 [main] INFO  (DfSequenceExtractorPostgreSQL#doGetSequenceMap():99) - 
[SEQUENCE]
 react.public.login_id_seq = react.public.login_id_seq:{1 to 9223372036854775807, increment 1}
 react.public.sys_table_id_seq = react.public.sys_table_id_seq:{1 to 9223372036854775807, increment 1}
 react.public.session_id_seq = react.public.session_id_seq:{1 to 9223372036854775807, increment 1}
 react.public.user_table_id_seq = react.public.user_table_id_seq:{1 to 9223372036854775807, increment 1}
2015-01-27 09:13:43,058 [main] INFO  (DfRefreshResourceProcess#show():297) - ...Refreshing [Boot1] by http://localhost:8386/
2015-01-27 09:13:44,089 [main] INFO  (DfRefreshResourceProcess#show():297) - ...Retrying refreshing by default secondary URL http://localhost:8387/
2015-01-27 09:13:45,092 [main] INFO  (DfRefreshResourceProcess#show():297) - Look! Read the message below.
/* * * * * * * * * * * * * * * * * * * * * * * * * * * * * * * * * *
Failed to refresh the resources.

[Project List]
[Boot1]

[Request URL]
http://localhost:8386/

[IOExpception]
ConnectException
Connection refused: connect
* * * * * * * * * */
2015-01-27 09:13:45,092 [main] INFO  (DfDataSourceHandler#destroy():120) - ...closeReally()
2015-01-27 09:13:45,092 [main] INFO  (DfDBFluteTaskUtil#logFinalMessage():139) - 
_/_/_/_/_/_/_/_/_/_/_/_/_/_/_/_/_/_/_/_/_/_/
[Final Message]: 00m02s750ms

  DBFLUTE_CLIENT: {postgres}
    database  = postgresql (PostgreSQL 9.1.7)
    language  = java
    container = spring
    package   = com.mssoftech.boot1.dbflute

  DBFLUTE_ENVIRONMENT_TYPE: {}
    driver = org.postgresql.Driver
    url    = jdbc:postgresql://localhost:5432/react
    schema = {react.public as main}
    user   = test
    props  = {}
    additionalSchema = 
    repsEnvType      = ut
    refreshProject   = $$AutoDetect$$
_/_/_/_/_/_/_/_/_/_/ {Doc}
2015-01-27 09:19:17,964 [main] INFO  (TorqueDataModelTask#begin():109) - +------------------------------------------+
2015-01-27 09:19:17,980 [main] INFO  (TorqueDataModelTask#begin():110) - |                                          |
2015-01-27 09:19:17,981 [main] INFO  (TorqueDataModelTask#begin():111) - |                 Generate                 |
2015-01-27 09:19:17,981 [main] INFO  (TorqueDataModelTask#begin():112) - |                                          |
2015-01-27 09:19:17,981 [main] INFO  (TorqueDataModelTask#begin():113) - +------------------------------------------+
2015-01-27 09:19:17,997 [main] INFO  (DfDataSourceHandler#prepare():78) - ...Preparing data source:
2015-01-27 09:19:17,997 [main] INFO  (DfDataSourceHandler#prepare():79) -   driver = org.postgresql.Driver
2015-01-27 09:19:17,997 [main] INFO  (DfDataSourceHandler#prepare():80) -   url    = jdbc:postgresql://localhost:5432/react
2015-01-27 09:19:17,997 [main] INFO  (DfDataSourceHandler#prepare():81) -   user   = test
2015-01-27 09:19:18,030 [main] INFO  (TorqueDataModelTask#setupControlTemplate():164) - 
2015-01-27 09:19:18,031 [main] INFO  (TorqueDataModelTask#setupControlTemplate():165) - ...Using Java control: om/ControlGenerateJava.vm
2015-01-27 09:19:18,193 [main] INFO  (DTDResolver#resolveEntity():195) - ...Resolving XML by database.dtd in same package
2015-01-27 09:19:18,256 [main] INFO  (DfAbstractTexenTask#fireVelocityProcess():255) - generator.parse("om/ControlGenerateJava.vm", c);
2015-01-27 09:19:18,350 [main] INFO  (Database#doEnableGenerateOutputDirectory():1142) - ...Setting up generateOutputDirectory: ../src/main/java
2015-01-27 09:19:18,350 [main] INFO  (DfAdditionalPrimaryKeyInitializer#initializeAdditionalPrimaryKey():62) - /=======================================
2015-01-27 09:19:18,350 [main] INFO  (DfAdditionalPrimaryKeyInitializer#initializeAdditionalPrimaryKey():63) - ...Initializing additional primary keys.
2015-01-27 09:19:18,350 [main] INFO  (DfAdditionalPrimaryKeyInitializer#initializeAdditionalPrimaryKey():88) - ==========/
2015-01-27 09:19:18,350 [main] INFO  (DfAdditionalUniqueKeyInitializer#initializeAdditionalUniqueKey():62) - /=======================================
2015-01-27 09:19:18,350 [main] INFO  (DfAdditionalUniqueKeyInitializer#initializeAdditionalUniqueKey():63) - ...Initializing additional unique keys.
2015-01-27 09:19:18,350 [main] INFO  (DfAdditionalUniqueKeyInitializer#initializeAdditionalUniqueKey():83) - ==========/
2015-01-27 09:19:18,365 [main] INFO  (DfAdditionalForeignKeyInitializer#initializeAdditionalForeignKey():68) - /=======================================
2015-01-27 09:19:18,365 [main] INFO  (DfAdditionalForeignKeyInitializer#initializeAdditionalForeignKey():69) - ...Initializing additional foreign keys.
2015-01-27 09:19:18,365 [main] INFO  (DfAdditionalForeignKeyInitializer#initializeAdditionalForeignKey():88) - ==========/
2015-01-27 09:19:18,365 [main] INFO  (DfIncludeQueryInitializer#initializeIncludeQuery():58) - /=============================
2015-01-27 09:19:18,365 [main] INFO  (DfIncludeQueryInitializer#initializeIncludeQuery():59) - ...Initializing include query.
2015-01-27 09:19:18,365 [main] INFO  (DfIncludeQueryInitializer#checkQueryMap():81) - String
2015-01-27 09:19:18,381 [main] INFO  (DfIncludeQueryInitializer#checkQueryMap():81) - Number
2015-01-27 09:19:18,381 [main] INFO  (DfIncludeQueryInitializer#checkQueryMap():81) - Date
2015-01-27 09:19:18,381 [main] INFO  (DfIncludeQueryInitializer#checkQueryMap():86) -   NotEqual -> []
2015-01-27 09:19:18,381 [main] INFO  (DfIncludeQueryInitializer#checkQueryMap():86) -   InScope -> []
2015-01-27 09:19:18,381 [main] INFO  (DfIncludeQueryInitializer#checkQueryMap():86) -   NotInScope -> []
2015-01-27 09:19:18,381 [main] INFO  (DfIncludeQueryInitializer#checkQueryMap():81) - OrderBy
2015-01-27 09:19:18,381 [main] INFO  (DfIncludeQueryInitializer#initializeIncludeQuery():61) - ========/
2015-01-27 09:19:18,397 [main] INFO  (Database#info():2645) - public void parseAllCommon() {
2015-01-27 09:19:18,397 [main] INFO  (Database#info():2645) -     parse('DBCurrent');
2015-01-27 09:19:18,397 [main] INFO  (Database#info():2645) -     parse('DBFluteConfig');
2015-01-27 09:19:18,412 [main] INFO  (Database#info():2645) -     parse('DBFluteInitializer');
2015-01-27 09:19:18,412 [main] INFO  (Database#info():2645) -     parse('DBMetaInstanceHandler');
2015-01-27 09:19:18,444 [main] INFO  (Database#info():2645) -     parse('EntityDefinedCommonColumn');
2015-01-27 09:19:18,444 [main] INFO  (Database#info():2645) -     parse('ImplementedBehaviorSelector');
2015-01-27 09:19:18,444 [main] INFO  (Database#info():2645) -     parse('ImplementedCommonColumnAutoSetupper');
2015-01-27 09:19:18,459 [main] INFO  (Database#info():2645) -     parse('ImplementedInvokerAssistant');
2015-01-27 09:19:18,475 [main] INFO  (Database#info():2645) -     parse('ImplementedSqlClauseCreator');
2015-01-27 09:19:18,475 [main] INFO  (Database#info():2645) - }
2015-01-27 09:19:18,475 [main] INFO  (Database#info():2645) - public void parseContainerConfig() {
2015-01-27 09:19:18,490 [main] INFO  (Database#info():2645) -     parse('com\mssoftech\boot1\dbflute\allcommon\DBFluteBeansJavaConfig.java')
2015-01-27 09:19:18,506 [main] INFO  (Database#info():2645) - }
2015-01-27 09:19:18,506 [main] INFO  (DfOldClassHandler#info():1033) - public void deleteOldTableClass() {
2015-01-27 09:19:18,537 [main] INFO  (DfOldClassHandler#info():1033) - }
2015-01-27 09:19:18,537 [main] INFO  (Database#info():2645) - public void parseTableClass() {
2015-01-27 09:19:18,537 [main] INFO  (Database#info():2645) -     parse('login');
2015-01-27 09:19:18,631 [main] INFO  (DfSequenceExtractorPostgreSQL#doGetSequenceMap():53) - ...Loading sequence informations
2015-01-27 09:19:18,631 [main] INFO  (DfSequenceExtractorBase#selectStringList():75) - select * from information_schema.sequences where sequence_schema in ('public')
2015-01-27 09:19:18,647 [main] INFO  (DfDataSourceHandler#createConnection():166) - ...Connecting to database by data source:
2015-01-27 09:19:18,756 [main] INFO  (DfDataSourceHandler#setupConnectionMetaInfo():233) -   product = PostgreSQL 9.1.7
2015-01-27 09:19:18,756 [main] INFO  (DfDataSourceHandler#setupConnectionMetaInfo():234) -   driver  = PostgreSQL Native Driver PostgreSQL 9.3 JDBC4.1 (build 1102) for JDBC 4.0
2015-01-27 09:19:18,772 [main] INFO  (DfCurrentSchemaConnector#executeCurrentSchemaSql():77) - ...Connecting to the schema
2015-01-27 09:19:18,772 [main] INFO  (DfCurrentSchemaConnector#executeCurrentSchemaSql():78) - set search_path to public
2015-01-27 09:19:18,803 [main] INFO  (DfSequenceExtractorPostgreSQL#doGetSequenceMap():99) - 
[SEQUENCE]
 react.public.login_id_seq = react.public.login_id_seq:{1 to 9223372036854775807, increment 1}
 react.public.sys_table_id_seq = react.public.sys_table_id_seq:{1 to 9223372036854775807, increment 1}
 react.public.session_id_seq = react.public.session_id_seq:{1 to 9223372036854775807, increment 1}
 react.public.user_table_id_seq = react.public.user_table_id_seq:{1 to 9223372036854775807, increment 1}
2015-01-27 09:19:18,881 [main] INFO  (Database#info():2645) -     parse('session');
2015-01-27 09:19:19,037 [main] INFO  (Database#info():2645) -     parse('sys_table');
2015-01-27 09:19:19,162 [main] INFO  (Database#info():2645) -     parse('user_table');
2015-01-27 09:19:19,287 [main] INFO  (Database#info():2645) - }
2015-01-27 09:19:19,287 [main] INFO  (Database#info():2645) -  
2015-01-27 09:19:19,303 [main] INFO  (DfRefreshResourceProcess#show():297) - ...Refreshing [Boot1] by http://localhost:8386/
2015-01-27 09:19:20,322 [main] INFO  (DfRefreshResourceProcess#show():297) - ...Retrying refreshing by default secondary URL http://localhost:8387/
2015-01-27 09:19:21,329 [main] INFO  (DfRefreshResourceProcess#show():297) - Look! Read the message below.
/* * * * * * * * * * * * * * * * * * * * * * * * * * * * * * * * * *
Failed to refresh the resources.

[Project List]
[Boot1]

[Request URL]
http://localhost:8386/

[IOExpception]
ConnectException
Connection refused: connect
* * * * * * * * * */
2015-01-27 09:19:21,329 [main] INFO  (DfDataSourceHandler#destroy():120) - ...closeReally()
2015-01-27 09:19:21,329 [main] INFO  (DfDBFluteTaskUtil#logFinalMessage():139) - 
_/_/_/_/_/_/_/_/_/_/_/_/_/_/_/_/_/_/_/_/_/_/
[Final Message]: 00m03s381ms

  DBFLUTE_CLIENT: {postgres}
    database  = postgresql (PostgreSQL 9.1.7)
    language  = java
    container = spring
    package   = com.mssoftech.boot1.dbflute

  DBFLUTE_ENVIRONMENT_TYPE: {}
    driver = org.postgresql.Driver
    url    = jdbc:postgresql://localhost:5432/react
    schema = {react.public as main}
    user   = test
    props  = {}
    additionalSchema = 
    repsEnvType      = ut
    refreshProject   = $$AutoDetect$$
_/_/_/_/_/_/_/_/_/_/ {Generate}
2015-01-28 09:28:49,780 [main] INFO  (TorqueJDBCTransformTask#begin():104) - +------------------------------------------+
2015-01-28 09:28:49,780 [main] INFO  (TorqueJDBCTransformTask#begin():105) - |                                          |
2015-01-28 09:28:49,780 [main] INFO  (TorqueJDBCTransformTask#begin():106) - |                   JDBC                   |
2015-01-28 09:28:49,780 [main] INFO  (TorqueJDBCTransformTask#begin():107) - |                                          |
2015-01-28 09:28:49,780 [main] INFO  (TorqueJDBCTransformTask#begin():108) - +------------------------------------------+
2015-01-28 09:28:49,811 [main] INFO  (DfDataSourceHandler#prepare():78) - ...Preparing data source:
2015-01-28 09:28:49,811 [main] INFO  (DfDataSourceHandler#prepare():79) -   driver = org.postgresql.Driver
2015-01-28 09:28:49,811 [main] INFO  (DfDataSourceHandler#prepare():80) -   url    = jdbc:postgresql://localhost:5432/springreact
2015-01-28 09:28:49,811 [main] INFO  (DfDataSourceHandler#prepare():81) -   user   = test
2015-01-28 09:28:49,873 [main] INFO  (DfSchemaXmlSerializer#serialize():285) - 
2015-01-28 09:28:49,873 [main] INFO  (DfSchemaXmlSerializer#serialize():286) - ...Starting to process JDBC to SchemaXML
2015-01-28 09:28:49,873 [main] INFO  (DfSchemaXmlSerializer#doLoadPreviousSchema():1460) - ...Loading previous schema (schema diff process)
2015-01-28 09:28:49,873 [main] INFO  (DTDResolver#resolveEntity():195) - ...Resolving XML by database.dtd in same package
2015-01-28 09:28:49,998 [main] INFO  (DfSchemaXmlSerializer#generateXML():359) - ...Getting DB connection
2015-01-28 09:28:50,014 [main] INFO  (DfDataSourceHandler#createConnection():166) - ...Connecting to database by data source:
2015-01-28 09:28:50,108 [main] INFO  (DfDataSourceHandler#setupConnectionMetaInfo():233) -   product = PostgreSQL 9.1.7
2015-01-28 09:28:50,108 [main] INFO  (DfDataSourceHandler#setupConnectionMetaInfo():234) -   driver  = PostgreSQL Native Driver PostgreSQL 9.3 JDBC4.1 (build 1102) for JDBC 4.0
2015-01-28 09:28:50,139 [main] INFO  (DfCurrentSchemaConnector#executeCurrentSchemaSql():77) - ...Connecting to the schema
2015-01-28 09:28:50,139 [main] INFO  (DfCurrentSchemaConnector#executeCurrentSchemaSql():78) - set search_path to public
2015-01-28 09:28:50,139 [main] INFO  (DfSchemaXmlSerializer#generateXML():362) - ...Getting DB meta data
2015-01-28 09:28:50,139 [main] INFO  (DfTableExtractor#doGetTableList():66) - ...Getting tables:
2015-01-28 09:28:50,139 [main] INFO  (DfTableExtractor#doGetTableList():67) -   schema = {springreact.public as main}
2015-01-28 09:28:50,139 [main] INFO  (DfTableExtractor#doGetTableList():68) -   types  = [TABLE, VIEW]
2015-01-28 09:28:50,170 [main] INFO  (DfSchemaXmlSerializer#processTable():419) - 
2015-01-28 09:28:50,170 [main] INFO  (DfSchemaXmlSerializer#processTable():420) - $ /= = = = = = = = = = = = = = = = = = = = = = = = = =
2015-01-28 09:28:50,170 [main] INFO  (DfSchemaXmlSerializer#processTable():421) - $ [Table List]
2015-01-28 09:28:50,170 [main] INFO  (DfSchemaXmlSerializer#doProcessTable():501) - $ springreact.public.login(TABLE)
2015-01-28 09:28:50,217 [main] INFO  (DfSchemaXmlSerializer#doProcessTable():501) - $ springreact.public.session(TABLE)
2015-01-28 09:28:50,248 [main] INFO  (DfSchemaXmlSerializer#doProcessTable():501) - $ springreact.public.sys_table(TABLE)
2015-01-28 09:28:50,264 [main] INFO  (DfSchemaXmlSerializer#doProcessTable():501) - $ springreact.public.user_table(TABLE)
2015-01-28 09:28:50,295 [main] INFO  (DfSchemaXmlSerializer#processTable():433) - $ 
2015-01-28 09:28:50,295 [main] INFO  (DfSchemaXmlSerializer#processTable():434) - $ [Table Count]
2015-01-28 09:28:50,295 [main] INFO  (DfSchemaXmlSerializer#processTable():435) - $ 4
2015-01-28 09:28:50,295 [main] INFO  (DfSchemaXmlSerializer#processTable():436) - $ = = = = = = = = = =/
2015-01-28 09:28:50,295 [main] INFO  (DfSchemaXmlSerializer#processTable():437) - 
2015-01-28 09:28:50,311 [main] INFO  (DfSchemaXmlSerializer#processSequence():796) - ...Getting sequences
2015-01-28 09:28:50,311 [main] INFO  (DfSequenceExtractorPostgreSQL#doGetSequenceMap():53) - ...Loading sequence informations
2015-01-28 09:28:50,311 [main] INFO  (DfSequenceExtractorBase#selectStringList():75) - select * from information_schema.sequences where sequence_schema in ('public')
2015-01-28 09:28:50,311 [main] INFO  (DfSequenceExtractorPostgreSQL#doGetSequenceMap():99) - 
[SEQUENCE]
 springreact.public.login_id_seq = springreact.public.login_id_seq:{1 to 9223372036854775807, increment 1}
 springreact.public.session_id_seq = springreact.public.session_id_seq:{1 to 9223372036854775807, increment 1}
 springreact.public.sys_table_id_seq = springreact.public.sys_table_id_seq:{1 to 9223372036854775807, increment 1}
 springreact.public.user_table_id_seq = springreact.public.user_table_id_seq:{1 to 9223372036854775807, increment 1}
2015-01-28 09:28:50,327 [main] INFO  (DfSchemaXmlSerializer#processSequence():801) - ...Processing sequences: 4
2015-01-28 09:28:50,327 [main] INFO  (DfSchemaXmlSerializer#serialize():300) - ...Serializing XML:
2015-01-28 09:28:50,327 [main] INFO  (DfSchemaXmlSerializer#serialize():301) -   filePath = ./schema/project-schema-postgres.xml
2015-01-28 09:28:50,327 [main] INFO  (DfSchemaXmlSerializer#serialize():302) -   encoding = UTF-8
2015-01-28 09:28:50,342 [main] INFO  (DfSchemaXmlSerializer#doLoadNextSchema():1478) - ...Loading next schema (schema diff process)
2015-01-28 09:28:50,342 [main] INFO  (DTDResolver#resolveEntity():195) - ...Resolving XML by database.dtd in same package
2015-01-28 09:28:50,389 [main] INFO  (DfSchemaXmlSerializer#doLoadNextSchema():1483) -  -> different from previous (schema diff)
2015-01-28 09:28:50,389 [main] INFO  (DfSchemaXmlSerializer#doLoadNextSchema():1485) - ...Serializing schema-diff:
2015-01-28 09:28:50,389 [main] INFO  (DfSchemaXmlSerializer#doLoadNextSchema():1486) -   filePath = ./schema/project-history-postgres.diffmap
2015-01-28 09:28:50,405 [main] INFO  (DfDataSourceHandler#destroy():120) - ...closeReally()
2015-01-28 09:28:50,420 [main] INFO  (DfDBFluteTaskUtil#logFinalMessage():139) - 
_/_/_/_/_/_/_/_/_/_/_/_/_/_/_/_/_/_/_/_/_/_/
[Final Message]: 00m00s657ms

  DBFLUTE_CLIENT: {postgres}
    database  = postgresql (PostgreSQL 9.1.7)
    language  = java
    container = spring
    package   = com.mssoftech.springreact.dbflute

  DBFLUTE_ENVIRONMENT_TYPE: {}
    driver = org.postgresql.Driver
    url    = jdbc:postgresql://localhost:5432/springreact
    schema = {springreact.public as main}
    user   = test
    props  = {}
    additionalSchema = 
    repsEnvType      = ut
    refreshProject   = $$AutoDetect$$
_/_/_/_/_/_/_/_/_/_/ {JDBC}
2015-01-28 09:28:57,150 [main] INFO  (TorqueDocumentationTask#begin():175) - +------------------------------------------+
2015-01-28 09:28:57,150 [main] INFO  (TorqueDocumentationTask#begin():176) - |                                          |
2015-01-28 09:28:57,165 [main] INFO  (TorqueDocumentationTask#begin():177) - |                   Doc                    |
2015-01-28 09:28:57,165 [main] INFO  (TorqueDocumentationTask#begin():185) - |                                          |
2015-01-28 09:28:57,165 [main] INFO  (TorqueDocumentationTask#begin():186) - +------------------------------------------+
2015-01-28 09:28:57,181 [main] INFO  (DfDataSourceHandler#prepare():78) - ...Preparing data source:
2015-01-28 09:28:57,181 [main] INFO  (DfDataSourceHandler#prepare():79) -   driver = org.postgresql.Driver
2015-01-28 09:28:57,181 [main] INFO  (DfDataSourceHandler#prepare():80) -   url    = jdbc:postgresql://localhost:5432/springreact
2015-01-28 09:28:57,181 [main] INFO  (DfDataSourceHandler#prepare():81) -   user   = test
2015-01-28 09:28:57,197 [main] INFO  (TorqueDocumentationTask#processSchemaHtml():246) - 
2015-01-28 09:28:57,197 [main] INFO  (TorqueDocumentationTask#processSchemaHtml():247) - * * * * * * * * * * *
2015-01-28 09:28:57,197 [main] INFO  (TorqueDocumentationTask#processSchemaHtml():248) - *                   *
2015-01-28 09:28:57,197 [main] INFO  (TorqueDocumentationTask#processSchemaHtml():249) - *    Schema HTML    *
2015-01-28 09:28:57,197 [main] INFO  (TorqueDocumentationTask#processSchemaHtml():250) - *                   *
2015-01-28 09:28:57,197 [main] INFO  (TorqueDocumentationTask#processSchemaHtml():251) - * * * * * * * * * * *
2015-01-28 09:28:57,417 [main] INFO  (DTDResolver#resolveEntity():195) - ...Resolving XML by database.dtd in same package
2015-01-28 09:28:57,495 [main] INFO  (DfAbstractTexenTask#fireVelocityProcess():255) - generator.parse("doc/ControlDocument.vm", c);
2015-01-28 09:28:57,557 [main] INFO  (Database#doEnableDocumentOutputDirectory():1174) - ...Setting up documentOutputDirectory: ./output/doc
2015-01-28 09:28:57,573 [main] INFO  (DfAdditionalPrimaryKeyInitializer#initializeAdditionalPrimaryKey():62) - /=======================================
2015-01-28 09:28:57,573 [main] INFO  (DfAdditionalPrimaryKeyInitializer#initializeAdditionalPrimaryKey():63) - ...Initializing additional primary keys.
2015-01-28 09:28:57,589 [main] INFO  (DfAdditionalPrimaryKeyInitializer#initializeAdditionalPrimaryKey():88) - ==========/
2015-01-28 09:28:57,589 [main] INFO  (DfAdditionalUniqueKeyInitializer#initializeAdditionalUniqueKey():62) - /=======================================
2015-01-28 09:28:57,589 [main] INFO  (DfAdditionalUniqueKeyInitializer#initializeAdditionalUniqueKey():63) - ...Initializing additional unique keys.
2015-01-28 09:28:57,589 [main] INFO  (DfAdditionalUniqueKeyInitializer#initializeAdditionalUniqueKey():83) - ==========/
2015-01-28 09:28:57,604 [main] INFO  (DfAdditionalForeignKeyInitializer#initializeAdditionalForeignKey():68) - /=======================================
2015-01-28 09:28:57,604 [main] INFO  (DfAdditionalForeignKeyInitializer#initializeAdditionalForeignKey():69) - ...Initializing additional foreign keys.
2015-01-28 09:28:57,620 [main] INFO  (DfAdditionalForeignKeyInitializer#initializeAdditionalForeignKey():88) - ==========/
2015-01-28 09:28:57,620 [main] INFO  (DfDocumentSelector#doLoadSchemaHistory():150) - ...Loading schema history
2015-01-28 09:28:57,651 [main] INFO  (DfDocumentSelector#doLoadSchemaHistory():154) -  -> found history: count=1
2015-01-28 09:28:57,807 [main] INFO  (DfSequenceExtractorPostgreSQL#doGetSequenceMap():53) - ...Loading sequence informations
2015-01-28 09:28:57,807 [main] INFO  (DfSequenceExtractorBase#selectStringList():75) - select * from information_schema.sequences where sequence_schema in ('public')
2015-01-28 09:28:57,823 [main] INFO  (DfDataSourceHandler#createConnection():166) - ...Connecting to database by data source:
2015-01-28 09:28:57,932 [main] INFO  (DfDataSourceHandler#setupConnectionMetaInfo():233) -   product = PostgreSQL 9.1.7
2015-01-28 09:28:57,932 [main] INFO  (DfDataSourceHandler#setupConnectionMetaInfo():234) -   driver  = PostgreSQL Native Driver PostgreSQL 9.3 JDBC4.1 (build 1102) for JDBC 4.0
2015-01-28 09:28:57,948 [main] INFO  (DfCurrentSchemaConnector#executeCurrentSchemaSql():77) - ...Connecting to the schema
2015-01-28 09:28:57,948 [main] INFO  (DfCurrentSchemaConnector#executeCurrentSchemaSql():78) - set search_path to public
2015-01-28 09:28:57,964 [main] INFO  (DfSequenceExtractorPostgreSQL#doGetSequenceMap():99) - 
[SEQUENCE]
 springreact.public.login_id_seq = springreact.public.login_id_seq:{1 to 9223372036854775807, increment 1}
 springreact.public.session_id_seq = springreact.public.session_id_seq:{1 to 9223372036854775807, increment 1}
 springreact.public.sys_table_id_seq = springreact.public.sys_table_id_seq:{1 to 9223372036854775807, increment 1}
 springreact.public.user_table_id_seq = springreact.public.user_table_id_seq:{1 to 9223372036854775807, increment 1}
2015-01-28 09:28:58,120 [main] INFO  (DfRefreshResourceProcess#show():297) - ...Refreshing [spring-react] by http://localhost:8386/
2015-01-28 09:28:59,151 [main] INFO  (DfRefreshResourceProcess#show():297) - ...Retrying refreshing by default secondary URL http://localhost:8387/
2015-01-28 09:29:00,162 [main] INFO  (DfRefreshResourceProcess#show():297) - Look! Read the message below.
/* * * * * * * * * * * * * * * * * * * * * * * * * * * * * * * * * *
Failed to refresh the resources.

[Project List]
[spring-react]

[Request URL]
http://localhost:8386/

[IOExpception]
ConnectException
Connection refused: connect
* * * * * * * * * */
2015-01-28 09:29:00,162 [main] INFO  (DfDataSourceHandler#destroy():120) - ...closeReally()
2015-01-28 09:29:00,162 [main] INFO  (DfDBFluteTaskUtil#logFinalMessage():139) - 
_/_/_/_/_/_/_/_/_/_/_/_/_/_/_/_/_/_/_/_/_/_/
[Final Message]: 00m03s028ms

  DBFLUTE_CLIENT: {postgres}
    database  = postgresql (PostgreSQL 9.1.7)
    language  = java
    container = spring
    package   = com.mssoftech.springreact.dbflute

  DBFLUTE_ENVIRONMENT_TYPE: {}
    driver = org.postgresql.Driver
    url    = jdbc:postgresql://localhost:5432/springreact
    schema = {springreact.public as main}
    user   = test
    props  = {}
    additionalSchema = 
    repsEnvType      = ut
    refreshProject   = $$AutoDetect$$
_/_/_/_/_/_/_/_/_/_/ {Doc}
2015-01-28 09:29:09,020 [main] INFO  (TorqueDataModelTask#begin():109) - +------------------------------------------+
2015-01-28 09:29:09,020 [main] INFO  (TorqueDataModelTask#begin():110) - |                                          |
2015-01-28 09:29:09,020 [main] INFO  (TorqueDataModelTask#begin():111) - |                 Generate                 |
2015-01-28 09:29:09,020 [main] INFO  (TorqueDataModelTask#begin():112) - |                                          |
2015-01-28 09:29:09,020 [main] INFO  (TorqueDataModelTask#begin():113) - +------------------------------------------+
2015-01-28 09:29:09,051 [main] INFO  (DfDataSourceHandler#prepare():78) - ...Preparing data source:
2015-01-28 09:29:09,051 [main] INFO  (DfDataSourceHandler#prepare():79) -   driver = org.postgresql.Driver
2015-01-28 09:29:09,051 [main] INFO  (DfDataSourceHandler#prepare():80) -   url    = jdbc:postgresql://localhost:5432/springreact
2015-01-28 09:29:09,051 [main] INFO  (DfDataSourceHandler#prepare():81) -   user   = test
2015-01-28 09:29:09,067 [main] INFO  (TorqueDataModelTask#setupControlTemplate():164) - 
2015-01-28 09:29:09,067 [main] INFO  (TorqueDataModelTask#setupControlTemplate():165) - ...Using Java control: om/ControlGenerateJava.vm
2015-01-28 09:29:09,270 [main] INFO  (DTDResolver#resolveEntity():195) - ...Resolving XML by database.dtd in same package
2015-01-28 09:29:09,332 [main] INFO  (DfAbstractTexenTask#fireVelocityProcess():255) - generator.parse("om/ControlGenerateJava.vm", c);
2015-01-28 09:29:09,426 [main] INFO  (Database#doEnableGenerateOutputDirectory():1142) - ...Setting up generateOutputDirectory: ../src/main/java
2015-01-28 09:29:09,426 [main] INFO  (DfAdditionalPrimaryKeyInitializer#initializeAdditionalPrimaryKey():62) - /=======================================
2015-01-28 09:29:09,426 [main] INFO  (DfAdditionalPrimaryKeyInitializer#initializeAdditionalPrimaryKey():63) - ...Initializing additional primary keys.
2015-01-28 09:29:09,426 [main] INFO  (DfAdditionalPrimaryKeyInitializer#initializeAdditionalPrimaryKey():88) - ==========/
2015-01-28 09:29:09,426 [main] INFO  (DfAdditionalUniqueKeyInitializer#initializeAdditionalUniqueKey():62) - /=======================================
2015-01-28 09:29:09,426 [main] INFO  (DfAdditionalUniqueKeyInitializer#initializeAdditionalUniqueKey():63) - ...Initializing additional unique keys.
2015-01-28 09:29:09,426 [main] INFO  (DfAdditionalUniqueKeyInitializer#initializeAdditionalUniqueKey():83) - ==========/
2015-01-28 09:29:09,426 [main] INFO  (DfAdditionalForeignKeyInitializer#initializeAdditionalForeignKey():68) - /=======================================
2015-01-28 09:29:09,426 [main] INFO  (DfAdditionalForeignKeyInitializer#initializeAdditionalForeignKey():69) - ...Initializing additional foreign keys.
2015-01-28 09:29:09,442 [main] INFO  (DfAdditionalForeignKeyInitializer#initializeAdditionalForeignKey():88) - ==========/
2015-01-28 09:29:09,457 [main] INFO  (DfIncludeQueryInitializer#initializeIncludeQuery():58) - /=============================
2015-01-28 09:29:09,457 [main] INFO  (DfIncludeQueryInitializer#initializeIncludeQuery():59) - ...Initializing include query.
2015-01-28 09:29:09,457 [main] INFO  (DfIncludeQueryInitializer#checkQueryMap():81) - String
2015-01-28 09:29:09,457 [main] INFO  (DfIncludeQueryInitializer#checkQueryMap():81) - Number
2015-01-28 09:29:09,457 [main] INFO  (DfIncludeQueryInitializer#checkQueryMap():81) - Date
2015-01-28 09:29:09,473 [main] INFO  (DfIncludeQueryInitializer#checkQueryMap():86) -   NotEqual -> []
2015-01-28 09:29:09,473 [main] INFO  (DfIncludeQueryInitializer#checkQueryMap():86) -   InScope -> []
2015-01-28 09:29:09,474 [main] INFO  (DfIncludeQueryInitializer#checkQueryMap():86) -   NotInScope -> []
2015-01-28 09:29:09,474 [main] INFO  (DfIncludeQueryInitializer#checkQueryMap():81) - OrderBy
2015-01-28 09:29:09,474 [main] INFO  (DfIncludeQueryInitializer#initializeIncludeQuery():61) - ========/
2015-01-28 09:29:09,490 [main] INFO  (Database#info():2645) - public void parseAllCommon() {
2015-01-28 09:29:09,490 [main] INFO  (Database#info():2645) -     parse('DBCurrent');
2015-01-28 09:29:09,506 [main] INFO  (Database#info():2645) -     parse('DBFluteConfig');
2015-01-28 09:29:09,553 [main] INFO  (Database#info():2645) -     parse('DBFluteInitializer');
2015-01-28 09:29:09,569 [main] INFO  (Database#info():2645) -     parse('DBMetaInstanceHandler');
2015-01-28 09:29:09,600 [main] INFO  (Database#info():2645) -     parse('EntityDefinedCommonColumn');
2015-01-28 09:29:09,631 [main] INFO  (Database#info():2645) -     parse('ImplementedBehaviorSelector');
2015-01-28 09:29:09,647 [main] INFO  (Database#info():2645) -     parse('ImplementedCommonColumnAutoSetupper');
2015-01-28 09:29:09,662 [main] INFO  (Database#info():2645) -     parse('ImplementedInvokerAssistant');
2015-01-28 09:29:09,678 [main] INFO  (Database#info():2645) -     parse('ImplementedSqlClauseCreator');
2015-01-28 09:29:09,678 [main] INFO  (Database#info():2645) - }
2015-01-28 09:29:09,678 [main] INFO  (Database#info():2645) - public void parseContainerConfig() {
2015-01-28 09:29:09,678 [main] INFO  (Database#info():2645) -     parse('com\mssoftech\springreact\dbflute\allcommon\DBFluteBeansJavaConfig.java')
2015-01-28 09:29:09,725 [main] INFO  (Database#info():2645) - }
2015-01-28 09:29:09,740 [main] INFO  (DfOldClassHandler#info():1033) - public void deleteOldTableClass() {
2015-01-28 09:29:09,776 [main] INFO  (DfOldClassHandler#info():1033) - }
2015-01-28 09:29:09,777 [main] INFO  (Database#info():2645) - public void parseTableClass() {
2015-01-28 09:29:09,777 [main] INFO  (Database#info():2645) -     parse('login');
2015-01-28 09:29:09,912 [main] INFO  (DfSequenceExtractorPostgreSQL#doGetSequenceMap():53) - ...Loading sequence informations
2015-01-28 09:29:09,912 [main] INFO  (DfSequenceExtractorBase#selectStringList():75) - select * from information_schema.sequences where sequence_schema in ('public')
2015-01-28 09:29:09,928 [main] INFO  (DfDataSourceHandler#createConnection():166) - ...Connecting to database by data source:
2015-01-28 09:29:10,024 [main] INFO  (DfDataSourceHandler#setupConnectionMetaInfo():233) -   product = PostgreSQL 9.1.7
2015-01-28 09:29:10,024 [main] INFO  (DfDataSourceHandler#setupConnectionMetaInfo():234) -   driver  = PostgreSQL Native Driver PostgreSQL 9.3 JDBC4.1 (build 1102) for JDBC 4.0
2015-01-28 09:29:10,039 [main] INFO  (DfCurrentSchemaConnector#executeCurrentSchemaSql():77) - ...Connecting to the schema
2015-01-28 09:29:10,039 [main] INFO  (DfCurrentSchemaConnector#executeCurrentSchemaSql():78) - set search_path to public
2015-01-28 09:29:10,070 [main] INFO  (DfSequenceExtractorPostgreSQL#doGetSequenceMap():99) - 
[SEQUENCE]
 springreact.public.login_id_seq = springreact.public.login_id_seq:{1 to 9223372036854775807, increment 1}
 springreact.public.session_id_seq = springreact.public.session_id_seq:{1 to 9223372036854775807, increment 1}
 springreact.public.sys_table_id_seq = springreact.public.sys_table_id_seq:{1 to 9223372036854775807, increment 1}
 springreact.public.user_table_id_seq = springreact.public.user_table_id_seq:{1 to 9223372036854775807, increment 1}
2015-01-28 09:29:10,215 [main] INFO  (Database#info():2645) -     parse('session');
2015-01-28 09:29:10,360 [main] INFO  (Database#info():2645) -     parse('sys_table');
2015-01-28 09:29:10,504 [main] INFO  (Database#info():2645) -     parse('user_table');
2015-01-28 09:29:10,645 [main] INFO  (Database#info():2645) - }
2015-01-28 09:29:10,645 [main] INFO  (Database#info():2645) -  
2015-01-28 09:29:10,755 [main] INFO  (DfRefreshResourceProcess#show():297) - ...Refreshing [spring-react] by http://localhost:8386/
2015-01-28 09:29:11,803 [main] INFO  (DfRefreshResourceProcess#show():297) - ...Retrying refreshing by default secondary URL http://localhost:8387/
2015-01-28 09:29:12,830 [main] INFO  (DfRefreshResourceProcess#show():297) - Look! Read the message below.
/* * * * * * * * * * * * * * * * * * * * * * * * * * * * * * * * * *
Failed to refresh the resources.

[Project List]
[spring-react]

[Request URL]
http://localhost:8386/

[IOExpception]
ConnectException
Connection refused: connect
* * * * * * * * * */
2015-01-28 09:29:12,830 [main] INFO  (DfDataSourceHandler#destroy():120) - ...closeReally()
2015-01-28 09:29:12,830 [main] INFO  (DfDBFluteTaskUtil#logFinalMessage():139) - 
_/_/_/_/_/_/_/_/_/_/_/_/_/_/_/_/_/_/_/_/_/_/
[Final Message]: 00m03s826ms

  DBFLUTE_CLIENT: {postgres}
    database  = postgresql (PostgreSQL 9.1.7)
    language  = java
    container = spring
    package   = com.mssoftech.springreact.dbflute

  DBFLUTE_ENVIRONMENT_TYPE: {}
    driver = org.postgresql.Driver
    url    = jdbc:postgresql://localhost:5432/springreact
    schema = {springreact.public as main}
    user   = test
    props  = {}
    additionalSchema = 
    repsEnvType      = ut
    refreshProject   = $$AutoDetect$$
_/_/_/_/_/_/_/_/_/_/ {Generate}
2015-01-28 18:29:59,948 [main] INFO  (TorqueDataModelTask#begin():109) - +------------------------------------------+
2015-01-28 18:29:59,959 [main] INFO  (TorqueDataModelTask#begin():110) - |                                          |
2015-01-28 18:29:59,960 [main] INFO  (TorqueDataModelTask#begin():111) - |                 Generate                 |
2015-01-28 18:29:59,960 [main] INFO  (TorqueDataModelTask#begin():112) - |                                          |
2015-01-28 18:29:59,961 [main] INFO  (TorqueDataModelTask#begin():113) - +------------------------------------------+
2015-01-28 18:29:59,990 [main] INFO  (DfDataSourceHandler#prepare():78) - ...Preparing data source:
2015-01-28 18:29:59,990 [main] INFO  (DfDataSourceHandler#prepare():79) -   driver = org.postgresql.Driver
2015-01-28 18:29:59,991 [main] INFO  (DfDataSourceHandler#prepare():80) -   url    = jdbc:postgresql://localhost:5432/springreact
2015-01-28 18:29:59,991 [main] INFO  (DfDataSourceHandler#prepare():81) -   user   = test
2015-01-28 18:30:00,034 [main] INFO  (TorqueDataModelTask#setupControlTemplate():164) - 
2015-01-28 18:30:00,035 [main] INFO  (TorqueDataModelTask#setupControlTemplate():165) - ...Using Java control: om/ControlGenerateJava.vm
2015-01-28 18:30:00,294 [main] INFO  (DTDResolver#resolveEntity():195) - ...Resolving XML by database.dtd in same package
2015-01-28 18:30:00,361 [main] INFO  (DfAbstractTexenTask#fireVelocityProcess():255) - generator.parse("om/ControlGenerateJava.vm", c);
2015-01-28 18:30:00,478 [main] INFO  (Database#doEnableGenerateOutputDirectory():1142) - ...Setting up generateOutputDirectory: ../src/main/java
2015-01-28 18:30:00,484 [main] INFO  (DfAdditionalPrimaryKeyInitializer#initializeAdditionalPrimaryKey():62) - /=======================================
2015-01-28 18:30:00,484 [main] INFO  (DfAdditionalPrimaryKeyInitializer#initializeAdditionalPrimaryKey():63) - ...Initializing additional primary keys.
2015-01-28 18:30:00,503 [main] INFO  (DfAdditionalPrimaryKeyInitializer#initializeAdditionalPrimaryKey():88) - ==========/
2015-01-28 18:30:00,505 [main] INFO  (DfAdditionalUniqueKeyInitializer#initializeAdditionalUniqueKey():62) - /=======================================
2015-01-28 18:30:00,505 [main] INFO  (DfAdditionalUniqueKeyInitializer#initializeAdditionalUniqueKey():63) - ...Initializing additional unique keys.
2015-01-28 18:30:00,507 [main] INFO  (DfAdditionalUniqueKeyInitializer#initializeAdditionalUniqueKey():83) - ==========/
2015-01-28 18:30:00,510 [main] INFO  (DfAdditionalForeignKeyInitializer#initializeAdditionalForeignKey():68) - /=======================================
2015-01-28 18:30:00,510 [main] INFO  (DfAdditionalForeignKeyInitializer#initializeAdditionalForeignKey():69) - ...Initializing additional foreign keys.
2015-01-28 18:30:00,523 [main] INFO  (DfAdditionalForeignKeyInitializer#initializeAdditionalForeignKey():88) - ==========/
2015-01-28 18:30:00,550 [main] INFO  (DfIncludeQueryInitializer#initializeIncludeQuery():58) - /=============================
2015-01-28 18:30:00,551 [main] INFO  (DfIncludeQueryInitializer#initializeIncludeQuery():59) - ...Initializing include query.
2015-01-28 18:30:00,551 [main] INFO  (DfIncludeQueryInitializer#checkQueryMap():81) - String
2015-01-28 18:30:00,552 [main] INFO  (DfIncludeQueryInitializer#checkQueryMap():81) - Number
2015-01-28 18:30:00,552 [main] INFO  (DfIncludeQueryInitializer#checkQueryMap():81) - Date
2015-01-28 18:30:00,552 [main] INFO  (DfIncludeQueryInitializer#checkQueryMap():86) -   NotEqual -> []
2015-01-28 18:30:00,552 [main] INFO  (DfIncludeQueryInitializer#checkQueryMap():86) -   InScope -> []
2015-01-28 18:30:00,553 [main] INFO  (DfIncludeQueryInitializer#checkQueryMap():86) -   NotInScope -> []
2015-01-28 18:30:00,553 [main] INFO  (DfIncludeQueryInitializer#checkQueryMap():81) - OrderBy
2015-01-28 18:30:00,553 [main] INFO  (DfIncludeQueryInitializer#initializeIncludeQuery():61) - ========/
2015-01-28 18:30:00,580 [main] INFO  (Database#info():2645) - public void parseAllCommon() {
2015-01-28 18:30:00,583 [main] INFO  (Database#info():2645) -     parse('DBCurrent');
2015-01-28 18:30:00,597 [main] INFO  (Database#info():2645) -     parse('DBFluteConfig');
2015-01-28 18:30:00,664 [main] INFO  (Database#info():2645) -     parse('DBFluteInitializer');
2015-01-28 18:30:00,678 [main] INFO  (Database#info():2645) -     parse('DBMetaInstanceHandler');
2015-01-28 18:30:00,704 [main] INFO  (Database#info():2645) -     parse('EntityDefinedCommonColumn');
2015-01-28 18:30:00,743 [main] INFO  (Database#info():2645) -     parse('ImplementedBehaviorSelector');
2015-01-28 18:30:00,747 [main] INFO  (Database#info():2645) -     parse('ImplementedCommonColumnAutoSetupper');
2015-01-28 18:30:00,774 [main] INFO  (Database#info():2645) -     parse('ImplementedInvokerAssistant');
2015-01-28 18:30:00,791 [main] INFO  (Database#info():2645) -     parse('ImplementedSqlClauseCreator');
2015-01-28 18:30:00,796 [main] INFO  (Database#info():2645) - }
2015-01-28 18:30:00,797 [main] INFO  (Database#info():2645) - public void parseContainerConfig() {
2015-01-28 18:30:00,798 [main] INFO  (Database#info():2645) -     parse('com\mssoftech\springreact\dbflute\allcommon\DBFluteBeansJavaConfig.java')
2015-01-28 18:30:00,834 [main] INFO  (Database#info():2645) - }
2015-01-28 18:30:00,841 [main] INFO  (DfOldClassHandler#info():1033) - public void deleteOldTableClass() {
2015-01-28 18:30:00,874 [main] INFO  (DfOldClassHandler#info():1033) - }
2015-01-28 18:30:00,875 [main] INFO  (Database#info():2645) - public void parseTableClass() {
2015-01-28 18:30:00,875 [main] INFO  (Database#info():2645) -     parse('login');
2015-01-28 18:30:01,035 [main] INFO  (DfSequenceExtractorPostgreSQL#doGetSequenceMap():53) - ...Loading sequence informations
2015-01-28 18:30:01,037 [main] INFO  (DfSequenceExtractorBase#selectStringList():75) - select * from information_schema.sequences where sequence_schema in ('public')
2015-01-28 18:30:01,047 [main] INFO  (DfDataSourceHandler#createConnection():166) - ...Connecting to database by data source:
2015-01-28 18:30:01,173 [main] INFO  (DfDataSourceHandler#setupConnectionMetaInfo():233) -   product = PostgreSQL 9.1.7
2015-01-28 18:30:01,174 [main] INFO  (DfDataSourceHandler#setupConnectionMetaInfo():234) -   driver  = PostgreSQL Native Driver PostgreSQL 9.3 JDBC4.1 (build 1102) for JDBC 4.0
2015-01-28 18:30:01,190 [main] INFO  (DfCurrentSchemaConnector#executeCurrentSchemaSql():77) - ...Connecting to the schema
2015-01-28 18:30:01,190 [main] INFO  (DfCurrentSchemaConnector#executeCurrentSchemaSql():78) - set search_path to public
2015-01-28 18:30:01,216 [main] INFO  (DfSequenceExtractorPostgreSQL#doGetSequenceMap():99) - 
[SEQUENCE]
 springreact.public.login_id_seq = springreact.public.login_id_seq:{1 to 9223372036854775807, increment 1}
 springreact.public.session_id_seq = springreact.public.session_id_seq:{1 to 9223372036854775807, increment 1}
 springreact.public.sys_table_id_seq = springreact.public.sys_table_id_seq:{1 to 9223372036854775807, increment 1}
 springreact.public.user_table_id_seq = springreact.public.user_table_id_seq:{1 to 9223372036854775807, increment 1}
2015-01-28 18:30:01,355 [main] INFO  (Database#info():2645) -     parse('session');
2015-01-28 18:30:01,523 [main] INFO  (Database#info():2645) -     parse('sys_table');
2015-01-28 18:30:01,698 [main] INFO  (Database#info():2645) -     parse('user_table');
2015-01-28 18:30:01,834 [main] INFO  (Database#info():2645) - }
2015-01-28 18:30:01,834 [main] INFO  (Database#info():2645) -  
2015-01-28 18:30:01,859 [main] INFO  (DfRefreshResourceProcess#show():297) - ...Refreshing [spring-react] by http://localhost:8386/
2015-01-28 18:30:02,866 [main] INFO  (DfRefreshResourceProcess#show():297) - ...Retrying refreshing by default secondary URL http://localhost:8387/
2015-01-28 18:30:03,868 [main] INFO  (DfRefreshResourceProcess#show():297) - Look! Read the message below.
/* * * * * * * * * * * * * * * * * * * * * * * * * * * * * * * * * *
Failed to refresh the resources.

[Project List]
[spring-react]

[Request URL]
http://localhost:8386/

[IOExpception]
ConnectException
Connection refused: connect
* * * * * * * * * */
2015-01-28 18:30:03,874 [main] INFO  (DfDataSourceHandler#destroy():120) - ...closeReally()
2015-01-28 18:30:03,893 [main] INFO  (DfDBFluteTaskUtil#logFinalMessage():139) - 
_/_/_/_/_/_/_/_/_/_/_/_/_/_/_/_/_/_/_/_/_/_/
[Final Message]: 00m03s970ms

  DBFLUTE_CLIENT: {postgres}
    database  = postgresql (PostgreSQL 9.1.7)
    language  = java
    container = spring
    package   = com.mssoftech.springreact.dbflute

  DBFLUTE_ENVIRONMENT_TYPE: {}
    driver = org.postgresql.Driver
    url    = jdbc:postgresql://localhost:5432/springreact
    schema = {springreact.public as main}
    user   = test
    props  = {}
    additionalSchema = 
    repsEnvType      = ut
    refreshProject   = $$AutoDetect$$
_/_/_/_/_/_/_/_/_/_/ {Generate}
